{"/home/travis/build/npmtest/node-npmtest-minecraft-protocol/test.js":{"path":"/home/travis/build/npmtest/node-npmtest-minecraft-protocol/test.js","s":{"1":2,"2":2,"3":2,"4":2,"5":2,"6":2,"7":2,"8":1,"9":2,"10":2,"11":1,"12":1,"13":1,"14":1,"15":2,"16":2,"17":2,"18":2,"19":1,"20":1,"21":2,"22":2,"23":2,"24":1,"25":1,"26":1,"27":1,"28":1,"29":1,"30":1,"31":1,"32":1,"33":1,"34":1,"35":1,"36":1,"37":1,"38":1,"39":2,"40":2,"41":1,"42":2,"43":2,"44":1,"45":2,"46":2,"47":1,"48":2,"49":2,"50":1,"51":1,"52":1,"53":1,"54":1},"b":{"1":[2,1,1,1],"2":[1,1,1,1],"3":[1,1],"4":[1,1],"5":[1,1],"6":[1,1],"7":[1,1],"8":[1,1],"9":[1,1],"10":[1,1,1],"11":[1,1],"12":[1,1],"13":[1,1],"14":[1,1],"15":[1,1],"16":[1,1],"17":[1,1]},"f":{"1":2,"2":2,"3":2,"4":2,"5":2,"6":1,"7":1,"8":1,"9":2,"10":2,"11":2,"12":2,"13":1},"fnMap":{"1":{"name":"(anonymous_1)","line":12,"loc":{"start":{"line":12,"column":1},"end":{"line":12,"column":13}}},"2":{"name":"(anonymous_2)","line":19,"loc":{"start":{"line":19,"column":5},"end":{"line":19,"column":17}}},"3":{"name":"(anonymous_3)","line":23,"loc":{"start":{"line":23,"column":24},"end":{"line":23,"column":36}}},"4":{"name":"(anonymous_4)","line":61,"loc":{"start":{"line":61,"column":5},"end":{"line":61,"column":17}}},"5":{"name":"(anonymous_5)","line":82,"loc":{"start":{"line":82,"column":5},"end":{"line":82,"column":17}}},"6":{"name":"(anonymous_6)","line":91,"loc":{"start":{"line":91,"column":77},"end":{"line":94,"column":10}}},"7":{"name":"(anonymous_7)","line":112,"loc":{"start":{"line":112,"column":83},"end":{"line":115,"column":10}},"skip":true},"8":{"name":"(anonymous_8)","line":123,"loc":{"start":{"line":123,"column":77},"end":{"line":126,"column":10}},"skip":true},"9":{"name":"(anonymous_9)","line":139,"loc":{"start":{"line":139,"column":12},"end":{"line":139,"column":40}},"skip":true},"10":{"name":"(anonymous_10)","line":147,"loc":{"start":{"line":147,"column":77},"end":{"line":150,"column":10}},"skip":true},"11":{"name":"(anonymous_11)","line":158,"loc":{"start":{"line":158,"column":83},"end":{"line":161,"column":10}},"skip":true},"12":{"name":"(anonymous_12)","line":169,"loc":{"start":{"line":169,"column":79},"end":{"line":172,"column":10}},"skip":true},"13":{"name":"(anonymous_13)","line":180,"loc":{"start":{"line":180,"column":75},"end":{"line":183,"column":10}},"skip":true}},"statementMap":{"1":{"start":{"line":12,"column":0},"end":{"line":195,"column":5}},"2":{"start":{"line":14,"column":4},"end":{"line":14,"column":14}},"3":{"start":{"line":19,"column":4},"end":{"line":56,"column":9}},"4":{"start":{"line":21,"column":8},"end":{"line":21,"column":19}},"5":{"start":{"line":23,"column":8},"end":{"line":35,"column":13}},"6":{"start":{"line":24,"column":12},"end":{"line":34,"column":13}},"7":{"start":{"line":25,"column":16},"end":{"line":28,"column":30}},"8":{"start":{"line":30,"column":16},"end":{"line":33,"column":27}},"9":{"start":{"line":37,"column":8},"end":{"line":39,"column":21}},"10":{"start":{"line":40,"column":8},"end":{"line":53,"column":9}},"11":{"start":{"line":43,"column":12},"end":{"line":46,"column":14}},"12":{"start":{"line":47,"column":12},"end":{"line":47,"column":18}},"13":{"start":{"line":50,"column":12},"end":{"line":51,"column":33}},"14":{"start":{"line":52,"column":12},"end":{"line":52,"column":18}},"15":{"start":{"line":55,"column":8},"end":{"line":55,"column":35}},"16":{"start":{"line":61,"column":4},"end":{"line":63,"column":9}},"17":{"start":{"line":62,"column":8},"end":{"line":62,"column":15}},"18":{"start":{"line":64,"column":4},"end":{"line":77,"column":5}},"19":{"start":{"line":70,"column":8},"end":{"line":70,"column":14}},"20":{"start":{"line":76,"column":8},"end":{"line":76,"column":14}},"21":{"start":{"line":82,"column":4},"end":{"line":84,"column":9}},"22":{"start":{"line":83,"column":8},"end":{"line":83,"column":15}},"23":{"start":{"line":85,"column":4},"end":{"line":194,"column":5}},"24":{"start":{"line":91,"column":8},"end":{"line":99,"column":10}},"25":{"start":{"line":98,"column":12},"end":{"line":98,"column":35}},"26":{"start":{"line":102,"column":8},"end":{"line":104,"column":63}},"27":{"start":{"line":105,"column":8},"end":{"line":105,"column":14}},"28":{"start":{"line":112,"column":8},"end":{"line":121,"column":10},"skip":true},"29":{"start":{"line":119,"column":12},"end":{"line":119,"column":55},"skip":true},"30":{"start":{"line":120,"column":12},"end":{"line":120,"column":48},"skip":true},"31":{"start":{"line":123,"column":8},"end":{"line":136,"column":10},"skip":true},"32":{"start":{"line":130,"column":12},"end":{"line":130,"column":76},"skip":true},"33":{"start":{"line":131,"column":12},"end":{"line":131,"column":73},"skip":true},"34":{"start":{"line":132,"column":12},"end":{"line":132,"column":74},"skip":true},"35":{"start":{"line":133,"column":12},"end":{"line":133,"column":79},"skip":true},"36":{"start":{"line":134,"column":12},"end":{"line":134,"column":25},"skip":true},"37":{"start":{"line":135,"column":12},"end":{"line":135,"column":45},"skip":true},"38":{"start":{"line":138,"column":8},"end":{"line":145,"column":14},"skip":true},"39":{"start":{"line":143,"column":16},"end":{"line":143,"column":29},"skip":true},"40":{"start":{"line":144,"column":16},"end":{"line":144,"column":55},"skip":true},"41":{"start":{"line":147,"column":8},"end":{"line":156,"column":10},"skip":true},"42":{"start":{"line":154,"column":12},"end":{"line":154,"column":25},"skip":true},"43":{"start":{"line":155,"column":12},"end":{"line":155,"column":45},"skip":true},"44":{"start":{"line":158,"column":8},"end":{"line":167,"column":10},"skip":true},"45":{"start":{"line":165,"column":12},"end":{"line":165,"column":25},"skip":true},"46":{"start":{"line":166,"column":12},"end":{"line":166,"column":48},"skip":true},"47":{"start":{"line":169,"column":8},"end":{"line":178,"column":10},"skip":true},"48":{"start":{"line":176,"column":12},"end":{"line":176,"column":25},"skip":true},"49":{"start":{"line":177,"column":12},"end":{"line":177,"column":46},"skip":true},"50":{"start":{"line":180,"column":8},"end":{"line":189,"column":10},"skip":true},"51":{"start":{"line":187,"column":12},"end":{"line":187,"column":94},"skip":true},"52":{"start":{"line":188,"column":12},"end":{"line":188,"column":48},"skip":true},"53":{"start":{"line":192,"column":8},"end":{"line":192,"column":35},"skip":true},"54":{"start":{"line":193,"column":8},"end":{"line":193,"column":14},"skip":true}},"branchMap":{"1":{"line":25,"type":"binary-expr","locations":[{"start":{"line":25,"column":23},"end":{"line":25,"column":62}},{"start":{"line":26,"column":20},"end":{"line":26,"column":70}},{"start":{"line":27,"column":20},"end":{"line":27,"column":71}},{"start":{"line":28,"column":20},"end":{"line":28,"column":29}}]},"2":{"line":30,"type":"binary-expr","locations":[{"start":{"line":30,"column":23},"end":{"line":30,"column":37}},{"start":{"line":31,"column":20},"end":{"line":31,"column":61}},{"start":{"line":32,"column":20},"end":{"line":32,"column":70}},{"start":{"line":33,"column":20},"end":{"line":33,"column":26}}]},"3":{"line":37,"type":"cond-expr","locations":[{"start":{"line":38,"column":14},"end":{"line":38,"column":20}},{"start":{"line":39,"column":14},"end":{"line":39,"column":20}}]},"4":{"line":40,"type":"switch","locations":[{"start":{"line":42,"column":8},"end":{"line":47,"column":18}},{"start":{"line":49,"column":8},"end":{"line":52,"column":18}}]},"5":{"line":44,"type":"binary-expr","locations":[{"start":{"line":44,"column":16},"end":{"line":44,"column":44}},{"start":{"line":44,"column":48},"end":{"line":44,"column":66}}]},"6":{"line":50,"type":"binary-expr","locations":[{"start":{"line":50,"column":21},"end":{"line":50,"column":49}},{"start":{"line":50,"column":53},"end":{"line":50,"column":72}}]},"7":{"line":64,"type":"switch","locations":[{"start":{"line":69,"column":4},"end":{"line":70,"column":14}},{"start":{"line":75,"column":4},"end":{"line":76,"column":14}}]},"8":{"line":85,"type":"switch","locations":[{"start":{"line":90,"column":4},"end":{"line":105,"column":14}},{"start":{"line":111,"column":4},"end":{"line":193,"column":14},"skip":true}]},"9":{"line":91,"type":"binary-expr","locations":[{"start":{"line":91,"column":42},"end":{"line":91,"column":73}},{"start":{"line":91,"column":77},"end":{"line":99,"column":9}}]},"10":{"line":102,"type":"binary-expr","locations":[{"start":{"line":102,"column":18},"end":{"line":102,"column":32}},{"start":{"line":103,"column":12},"end":{"line":103,"column":53}},{"start":{"line":104,"column":12},"end":{"line":104,"column":61}}]},"11":{"line":112,"type":"binary-expr","locations":[{"start":{"line":112,"column":45},"end":{"line":112,"column":79},"skip":true},{"start":{"line":112,"column":83},"end":{"line":121,"column":9},"skip":true}]},"12":{"line":123,"type":"binary-expr","locations":[{"start":{"line":123,"column":42},"end":{"line":123,"column":73},"skip":true},{"start":{"line":123,"column":77},"end":{"line":136,"column":9},"skip":true}]},"13":{"line":138,"type":"binary-expr","locations":[{"start":{"line":138,"column":48},"end":{"line":138,"column":85},"skip":true},{"start":{"line":139,"column":12},"end":{"line":145,"column":13},"skip":true}]},"14":{"line":147,"type":"binary-expr","locations":[{"start":{"line":147,"column":42},"end":{"line":147,"column":73},"skip":true},{"start":{"line":147,"column":77},"end":{"line":156,"column":9},"skip":true}]},"15":{"line":158,"type":"binary-expr","locations":[{"start":{"line":158,"column":45},"end":{"line":158,"column":79},"skip":true},{"start":{"line":158,"column":83},"end":{"line":167,"column":9},"skip":true}]},"16":{"line":169,"type":"binary-expr","locations":[{"start":{"line":169,"column":43},"end":{"line":169,"column":75},"skip":true},{"start":{"line":169,"column":79},"end":{"line":178,"column":9},"skip":true}]},"17":{"line":180,"type":"binary-expr","locations":[{"start":{"line":180,"column":41},"end":{"line":180,"column":71},"skip":true},{"start":{"line":180,"column":75},"end":{"line":189,"column":9},"skip":true}]}},"code":["/* istanbul instrument in package npmtest_minecraft_protocol */","/*jslint","    bitwise: true,","    browser: true,","    maxerr: 8,","    maxlen: 96,","    node: true,","    nomen: true,","    regexp: true,","    stupid: true","*/","(function () {","    'use strict';","    var local;","","","","    // run shared js-env code - init-before","    (function () {","        // init local","        local = {};","        // init modeJs","        local.modeJs = (function () {","            try {","                return typeof navigator.userAgent === 'string' &&","                    typeof document.querySelector('body') === 'object' &&","                    typeof XMLHttpRequest.prototype.open === 'function' &&","                    'browser';","            } catch (errorCaughtBrowser) {","                return module.exports &&","                    typeof process.versions.node === 'string' &&","                    typeof require('http').createServer === 'function' &&","                    'node';","            }","        }());","        // init global","        local.global = local.modeJs === 'browser'","            ? window","            : global;","        switch (local.modeJs) {","        // re-init local from window.local","        case 'browser':","            local = local.global.utility2.objectSetDefault(","                local.global.utility2_rollup || local.global.local,","                local.global.utility2","            );","            break;","        // re-init local from example.js","        case 'node':","            local = (local.global.utility2_rollup || require('utility2'))","                .requireReadme();","            break;","        }","        // export local","        local.global.local = local;","    }());","","","","    // run shared js-env code - function","    (function () {","        return;","    }());","    switch (local.modeJs) {","","","","    // run browser js-env code - function","    case 'browser':","        break;","","","","    // run node js-env code - function","    case 'node':","        break;","    }","","","","    // run shared js-env code - init-after","    (function () {","        return;","    }());","    switch (local.modeJs) {","","","","    // run browser js-env code - init-after","    case 'browser':","        local.testCase_browser_nullCase = local.testCase_browser_nullCase || function (","            options,","            onError","        ) {","        /*","         * this function will test browsers's null-case handling-behavior-behavior","         */","            onError(null, options);","        };","","        // run tests","        local.nop(local.modeTest &&","            document.querySelector('#testRunButton1') &&","            document.querySelector('#testRunButton1').click());","        break;","","","","    // run node js-env code - init-after","    /* istanbul ignore next */","    case 'node':","        local.testCase_buildApidoc_default = local.testCase_buildApidoc_default || function (","            options,","            onError","        ) {","        /*","         * this function will test buildApidoc's default handling-behavior-behavior","         */","            options = { modulePathList: module.paths };","            local.buildApidoc(options, onError);","        };","","        local.testCase_buildApp_default = local.testCase_buildApp_default || function (","            options,","            onError","        ) {","        /*","         * this function will test buildApp's default handling-behavior-behavior","         */","            local.testCase_buildReadme_default(options, local.onErrorThrow);","            local.testCase_buildLib_default(options, local.onErrorThrow);","            local.testCase_buildTest_default(options, local.onErrorThrow);","            local.testCase_buildCustomOrg_default(options, local.onErrorThrow);","            options = [];","            local.buildApp(options, onError);","        };","","        local.testCase_buildCustomOrg_default = local.testCase_buildCustomOrg_default ||","            function (options, onError) {","            /*","             * this function will test buildCustomOrg's default handling-behavior","             */","                options = {};","                local.buildCustomOrg(options, onError);","            };","","        local.testCase_buildLib_default = local.testCase_buildLib_default || function (","            options,","            onError","        ) {","        /*","         * this function will test buildLib's default handling-behavior","         */","            options = {};","            local.buildLib(options, onError);","        };","","        local.testCase_buildReadme_default = local.testCase_buildReadme_default || function (","            options,","            onError","        ) {","        /*","         * this function will test buildReadme's default handling-behavior-behavior","         */","            options = {};","            local.buildReadme(options, onError);","        };","","        local.testCase_buildTest_default = local.testCase_buildTest_default || function (","            options,","            onError","        ) {","        /*","         * this function will test buildTest's default handling-behavior","         */","            options = {};","            local.buildTest(options, onError);","        };","","        local.testCase_webpage_default = local.testCase_webpage_default || function (","            options,","            onError","        ) {","        /*","         * this function will test webpage's default handling-behavior","         */","            options = { modeCoverageMerge: true, url: local.serverLocalHost + '?modeTest=1' };","            local.browserTest(options, onError);","        };","","        // run test-server","        local.testRunServer(local);","        break;","    }","}());",""],"l":{"12":2,"14":2,"19":2,"21":2,"23":2,"24":2,"25":2,"30":1,"37":2,"40":2,"43":1,"47":1,"50":1,"52":1,"55":2,"61":2,"62":2,"64":2,"70":1,"76":1,"82":2,"83":2,"85":2,"91":1,"98":1,"102":1,"105":1,"112":1,"119":1,"120":1,"123":1,"130":1,"131":1,"132":1,"133":1,"134":1,"135":1,"138":1,"143":2,"144":2,"147":1,"154":2,"155":2,"158":1,"165":2,"166":2,"169":1,"176":2,"177":2,"180":1,"187":1,"188":1,"192":1,"193":1}},"/home/travis/build/npmtest/node-npmtest-minecraft-protocol/lib.npmtest_minecraft_protocol.js":{"path":"/home/travis/build/npmtest/node-npmtest-minecraft-protocol/lib.npmtest_minecraft_protocol.js","s":{"1":2,"2":2,"3":2,"4":2,"5":2,"6":2,"7":2,"8":1,"9":2,"10":2,"11":2,"12":2,"13":1,"14":1,"15":1,"16":1},"b":{"1":[2,1,1,1],"2":[1,1,1,1],"3":[1,1],"4":[2,2],"5":[1,1]},"f":{"1":2,"2":2,"3":2},"fnMap":{"1":{"name":"(anonymous_1)","line":12,"loc":{"start":{"line":12,"column":1},"end":{"line":12,"column":13}}},"2":{"name":"(anonymous_2)","line":19,"loc":{"start":{"line":19,"column":5},"end":{"line":19,"column":17}}},"3":{"name":"(anonymous_3)","line":23,"loc":{"start":{"line":23,"column":24},"end":{"line":23,"column":36}}}},"statementMap":{"1":{"start":{"line":12,"column":0},"end":{"line":53,"column":5}},"2":{"start":{"line":14,"column":4},"end":{"line":14,"column":14}},"3":{"start":{"line":19,"column":4},"end":{"line":52,"column":9}},"4":{"start":{"line":21,"column":8},"end":{"line":21,"column":19}},"5":{"start":{"line":23,"column":8},"end":{"line":35,"column":13}},"6":{"start":{"line":24,"column":12},"end":{"line":34,"column":13}},"7":{"start":{"line":25,"column":16},"end":{"line":28,"column":30}},"8":{"start":{"line":30,"column":16},"end":{"line":33,"column":27}},"9":{"start":{"line":37,"column":8},"end":{"line":39,"column":21}},"10":{"start":{"line":41,"column":8},"end":{"line":41,"column":54}},"11":{"start":{"line":43,"column":8},"end":{"line":43,"column":63}},"12":{"start":{"line":45,"column":8},"end":{"line":51,"column":9}},"13":{"start":{"line":46,"column":12},"end":{"line":46,"column":69}},"14":{"start":{"line":48,"column":12},"end":{"line":48,"column":35}},"15":{"start":{"line":49,"column":12},"end":{"line":49,"column":49}},"16":{"start":{"line":50,"column":12},"end":{"line":50,"column":43}}},"branchMap":{"1":{"line":25,"type":"binary-expr","locations":[{"start":{"line":25,"column":23},"end":{"line":25,"column":62}},{"start":{"line":26,"column":20},"end":{"line":26,"column":70}},{"start":{"line":27,"column":20},"end":{"line":27,"column":71}},{"start":{"line":28,"column":20},"end":{"line":28,"column":29}}]},"2":{"line":30,"type":"binary-expr","locations":[{"start":{"line":30,"column":23},"end":{"line":30,"column":37}},{"start":{"line":31,"column":20},"end":{"line":31,"column":61}},{"start":{"line":32,"column":20},"end":{"line":32,"column":70}},{"start":{"line":33,"column":20},"end":{"line":33,"column":26}}]},"3":{"line":37,"type":"cond-expr","locations":[{"start":{"line":38,"column":14},"end":{"line":38,"column":20}},{"start":{"line":39,"column":14},"end":{"line":39,"column":20}}]},"4":{"line":41,"type":"binary-expr","locations":[{"start":{"line":41,"column":16},"end":{"line":41,"column":44}},{"start":{"line":41,"column":48},"end":{"line":41,"column":53}}]},"5":{"line":45,"type":"if","locations":[{"start":{"line":45,"column":8},"end":{"line":45,"column":8}},{"start":{"line":45,"column":8},"end":{"line":45,"column":8}}]}},"code":["/* istanbul instrument in package npmtest_minecraft_protocol */","/*jslint","    bitwise: true,","    browser: true,","    maxerr: 8,","    maxlen: 96,","    node: true,","    nomen: true,","    regexp: true,","    stupid: true","*/","(function () {","    'use strict';","    var local;","","","","    // run shared js-env code - init-before","    (function () {","        // init local","        local = {};","        // init modeJs","        local.modeJs = (function () {","            try {","                return typeof navigator.userAgent === 'string' &&","                    typeof document.querySelector('body') === 'object' &&","                    typeof XMLHttpRequest.prototype.open === 'function' &&","                    'browser';","            } catch (errorCaughtBrowser) {","                return module.exports &&","                    typeof process.versions.node === 'string' &&","                    typeof require('http').createServer === 'function' &&","                    'node';","            }","        }());","        // init global","        local.global = local.modeJs === 'browser'","            ? window","            : global;","        // init utility2_rollup","        local = local.global.utility2_rollup || local;","        // init lib","        local.local = local.npmtest_minecraft_protocol = local;","        // init exports","        if (local.modeJs === 'browser') {","            local.global.utility2_npmtest_minecraft_protocol = local;","        } else {","            module.exports = local;","            module.exports.__dirname = __dirname;","            module.exports.module = module;","        }","    }());","}());",""],"l":{"12":2,"14":2,"19":2,"21":2,"23":2,"24":2,"25":2,"30":1,"37":2,"41":2,"43":2,"45":2,"46":1,"48":1,"49":1,"50":1}},"/home/travis/build/npmtest/node-npmtest-minecraft-protocol/example.js":{"path":"/home/travis/build/npmtest/node-npmtest-minecraft-protocol/example.js","s":{"1":2,"2":2,"3":2,"4":2,"5":2,"6":2,"7":2,"8":1,"9":2,"10":2,"11":2,"12":2,"13":1,"14":2,"15":2,"16":2,"17":2,"18":2,"19":0,"20":2,"21":1,"22":1,"23":1,"24":1,"25":1,"26":0,"27":0,"28":1,"29":1,"30":2,"31":0,"32":0,"33":0,"34":1,"35":2,"36":2,"37":3,"38":3,"39":3,"40":3,"41":0,"42":3,"43":3,"44":3,"45":1,"46":3,"47":1,"48":1,"49":1,"50":1,"51":1,"52":1,"53":1,"54":1,"55":1,"56":1,"57":0,"58":1,"59":6,"60":6,"61":1,"62":2,"63":0,"64":2,"65":1,"66":1,"67":0,"68":0,"69":0,"70":0,"71":0,"72":0,"73":0,"74":0,"75":0,"76":0,"77":0,"78":0,"79":0,"80":0,"81":0,"82":0,"83":0},"b":{"1":[2,1,1,1],"2":[1,1,1,1],"3":[1,1],"4":[2,2],"5":[1,1],"6":[1,1],"7":[2,0],"8":[2,1,1,1,1,1],"9":[0,2,0],"10":[1,1],"11":[2,1,1],"12":[1,0],"13":[0,2],"14":[2,0,0,0,0,0,0],"15":[0,3],"16":[3,0],"17":[1,1],"18":[0,1],"19":[1,2,0,2],"20":[1,0],"21":[1,1],"22":[0,0],"23":[0,0],"24":[0,0],"25":[0,0],"26":[0,0],"27":[0,0],"28":[0,0]},"f":{"1":2,"2":2,"3":2,"4":2,"5":2,"6":2,"7":3,"8":3,"9":3,"10":1,"11":6,"12":0},"fnMap":{"1":{"name":"(anonymous_1)","line":26,"loc":{"start":{"line":26,"column":1},"end":{"line":26,"column":13}}},"2":{"name":"(anonymous_2)","line":33,"loc":{"start":{"line":33,"column":5},"end":{"line":33,"column":17}}},"3":{"name":"(anonymous_3)","line":37,"loc":{"start":{"line":37,"column":24},"end":{"line":37,"column":36}}},"4":{"name":"(anonymous_4)","line":69,"loc":{"start":{"line":69,"column":31},"end":{"line":69,"column":48}},"skip":true},"5":{"name":"(anonymous_5)","line":78,"loc":{"start":{"line":78,"column":26},"end":{"line":78,"column":45}},"skip":true},"6":{"name":"(anonymous_6)","line":123,"loc":{"start":{"line":123,"column":33},"end":{"line":123,"column":48}},"skip":true},"7":{"name":"(anonymous_7)","line":125,"loc":{"start":{"line":125,"column":27},"end":{"line":125,"column":39}},"skip":true},"8":{"name":"(anonymous_8)","line":133,"loc":{"start":{"line":133,"column":59},"end":{"line":133,"column":74}},"skip":true},"9":{"name":"(anonymous_9)","line":143,"loc":{"start":{"line":143,"column":45},"end":{"line":143,"column":62}},"skip":true},"10":{"name":"(anonymous_10)","line":144,"loc":{"start":{"line":144,"column":73},"end":{"line":144,"column":92}},"skip":true},"11":{"name":"(anonymous_11)","line":272,"loc":{"start":{"line":272,"column":51},"end":{"line":272,"column":77}},"skip":true},"12":{"name":"(anonymous_12)","line":315,"loc":{"start":{"line":315,"column":32},"end":{"line":315,"column":61}},"skip":true}},"statementMap":{"1":{"start":{"line":26,"column":0},"end":{"line":326,"column":5}},"2":{"start":{"line":28,"column":4},"end":{"line":28,"column":14}},"3":{"start":{"line":33,"column":4},"end":{"line":60,"column":9}},"4":{"start":{"line":35,"column":8},"end":{"line":35,"column":19}},"5":{"start":{"line":37,"column":8},"end":{"line":49,"column":13}},"6":{"start":{"line":38,"column":12},"end":{"line":48,"column":13}},"7":{"start":{"line":39,"column":16},"end":{"line":42,"column":30}},"8":{"start":{"line":44,"column":16},"end":{"line":47,"column":27}},"9":{"start":{"line":51,"column":8},"end":{"line":53,"column":21}},"10":{"start":{"line":55,"column":8},"end":{"line":57,"column":45}},"11":{"start":{"line":59,"column":8},"end":{"line":59,"column":35}},"12":{"start":{"line":61,"column":4},"end":{"line":325,"column":5}},"13":{"start":{"line":69,"column":8},"end":{"line":121,"column":10},"skip":true},"14":{"start":{"line":70,"column":12},"end":{"line":88,"column":13},"skip":true},"15":{"start":{"line":76,"column":16},"end":{"line":87,"column":19},"skip":true},"16":{"start":{"line":79,"column":20},"end":{"line":86,"column":21},"skip":true},"17":{"start":{"line":82,"column":24},"end":{"line":82,"column":43},"skip":true},"18":{"start":{"line":83,"column":24},"end":{"line":83,"column":30},"skip":true},"19":{"start":{"line":85,"column":24},"end":{"line":85,"column":49},"skip":true},"20":{"start":{"line":89,"column":12},"end":{"line":107,"column":13},"skip":true},"21":{"start":{"line":92,"column":16},"end":{"line":102,"column":17},"skip":true},"22":{"start":{"line":93,"column":20},"end":{"line":93,"column":86},"skip":true},"23":{"start":{"line":94,"column":20},"end":{"line":95,"column":45},"skip":true},"24":{"start":{"line":96,"column":20},"end":{"line":96,"column":42},"skip":true},"25":{"start":{"line":97,"column":20},"end":{"line":97,"column":48},"skip":true},"26":{"start":{"line":100,"column":20},"end":{"line":100,"column":85},"skip":true},"27":{"start":{"line":101,"column":20},"end":{"line":101,"column":96},"skip":true},"28":{"start":{"line":103,"column":16},"end":{"line":103,"column":22},"skip":true},"29":{"start":{"line":106,"column":16},"end":{"line":106,"column":22},"skip":true},"30":{"start":{"line":108,"column":12},"end":{"line":120,"column":13},"skip":true},"31":{"start":{"line":114,"column":16},"end":{"line":119,"column":17},"skip":true},"32":{"start":{"line":116,"column":20},"end":{"line":116,"column":78},"skip":true},"33":{"start":{"line":118,"column":20},"end":{"line":118,"column":47},"skip":true},"34":{"start":{"line":123,"column":8},"end":{"line":141,"column":11},"skip":true},"35":{"start":{"line":124,"column":12},"end":{"line":124,"column":54},"skip":true},"36":{"start":{"line":125,"column":12},"end":{"line":140,"column":14},"skip":true},"37":{"start":{"line":126,"column":16},"end":{"line":126,"column":28},"skip":true},"38":{"start":{"line":127,"column":16},"end":{"line":127,"column":69},"skip":true},"39":{"start":{"line":128,"column":16},"end":{"line":128,"column":75},"skip":true},"40":{"start":{"line":129,"column":16},"end":{"line":131,"column":17},"skip":true},"41":{"start":{"line":130,"column":20},"end":{"line":130,"column":27},"skip":true},"42":{"start":{"line":133,"column":16},"end":{"line":137,"column":36},"skip":true},"43":{"start":{"line":134,"column":20},"end":{"line":136,"column":55},"skip":true},"44":{"start":{"line":139,"column":16},"end":{"line":139,"column":57},"skip":true},"45":{"start":{"line":143,"column":8},"end":{"line":147,"column":11},"skip":true},"46":{"start":{"line":144,"column":12},"end":{"line":146,"column":15},"skip":true},"47":{"start":{"line":145,"column":16},"end":{"line":145,"column":70},"skip":true},"48":{"start":{"line":149,"column":8},"end":{"line":149,"column":31},"skip":true},"49":{"start":{"line":150,"column":8},"end":{"line":150,"column":14},"skip":true},"50":{"start":{"line":158,"column":8},"end":{"line":158,"column":31},"skip":true},"51":{"start":{"line":160,"column":8},"end":{"line":160,"column":33},"skip":true},"52":{"start":{"line":161,"column":8},"end":{"line":161,"column":37},"skip":true},"53":{"start":{"line":162,"column":8},"end":{"line":162,"column":35},"skip":true},"54":{"start":{"line":164,"column":8},"end":{"line":164,"column":50},"skip":true},"55":{"start":{"line":166,"column":8},"end":{"line":256,"column":2},"skip":true},"56":{"start":{"line":258,"column":8},"end":{"line":286,"column":9},"skip":true},"57":{"start":{"line":259,"column":12},"end":{"line":269,"column":14},"skip":true},"58":{"start":{"line":271,"column":12},"end":{"line":285,"column":19},"skip":true},"59":{"start":{"line":274,"column":20},"end":{"line":274,"column":35},"skip":true},"60":{"start":{"line":275,"column":20},"end":{"line":284,"column":21},"skip":true},"61":{"start":{"line":277,"column":24},"end":{"line":277,"column":64},"skip":true},"62":{"start":{"line":279,"column":24},"end":{"line":279,"column":40},"skip":true},"63":{"start":{"line":281,"column":24},"end":{"line":281,"column":40},"skip":true},"64":{"start":{"line":283,"column":24},"end":{"line":283,"column":39},"skip":true},"65":{"start":{"line":288,"column":8},"end":{"line":290,"column":9},"skip":true},"66":{"start":{"line":289,"column":12},"end":{"line":289,"column":18},"skip":true},"67":{"start":{"line":291,"column":8},"end":{"line":293,"column":54},"skip":true},"68":{"start":{"line":296,"column":8},"end":{"line":301,"column":37},"skip":true},"69":{"start":{"line":303,"column":8},"end":{"line":303,"column":82},"skip":true},"70":{"start":{"line":306,"column":8},"end":{"line":308,"column":9},"skip":true},"71":{"start":{"line":307,"column":12},"end":{"line":307,"column":82},"skip":true},"72":{"start":{"line":310,"column":8},"end":{"line":312,"column":9},"skip":true},"73":{"start":{"line":311,"column":12},"end":{"line":311,"column":18},"skip":true},"74":{"start":{"line":313,"column":8},"end":{"line":313,"column":54},"skip":true},"75":{"start":{"line":314,"column":8},"end":{"line":314,"column":69},"skip":true},"76":{"start":{"line":315,"column":8},"end":{"line":323,"column":36},"skip":true},"77":{"start":{"line":316,"column":12},"end":{"line":316,"column":61},"skip":true},"78":{"start":{"line":317,"column":12},"end":{"line":320,"column":13},"skip":true},"79":{"start":{"line":318,"column":16},"end":{"line":318,"column":75},"skip":true},"80":{"start":{"line":319,"column":16},"end":{"line":319,"column":23},"skip":true},"81":{"start":{"line":321,"column":12},"end":{"line":321,"column":38},"skip":true},"82":{"start":{"line":322,"column":12},"end":{"line":322,"column":27},"skip":true},"83":{"start":{"line":324,"column":8},"end":{"line":324,"column":14},"skip":true}},"branchMap":{"1":{"line":39,"type":"binary-expr","locations":[{"start":{"line":39,"column":23},"end":{"line":39,"column":62}},{"start":{"line":40,"column":20},"end":{"line":40,"column":70}},{"start":{"line":41,"column":20},"end":{"line":41,"column":71}},{"start":{"line":42,"column":20},"end":{"line":42,"column":29}}]},"2":{"line":44,"type":"binary-expr","locations":[{"start":{"line":44,"column":23},"end":{"line":44,"column":37}},{"start":{"line":45,"column":20},"end":{"line":45,"column":61}},{"start":{"line":46,"column":20},"end":{"line":46,"column":70}},{"start":{"line":47,"column":20},"end":{"line":47,"column":26}}]},"3":{"line":51,"type":"cond-expr","locations":[{"start":{"line":52,"column":14},"end":{"line":52,"column":20}},{"start":{"line":53,"column":14},"end":{"line":53,"column":20}}]},"4":{"line":55,"type":"binary-expr","locations":[{"start":{"line":55,"column":16},"end":{"line":55,"column":44}},{"start":{"line":55,"column":49},"end":{"line":57,"column":43}}]},"5":{"line":55,"type":"cond-expr","locations":[{"start":{"line":56,"column":14},"end":{"line":56,"column":62}},{"start":{"line":57,"column":14},"end":{"line":57,"column":43}}]},"6":{"line":61,"type":"switch","locations":[{"start":{"line":68,"column":4},"end":{"line":150,"column":14},"skip":true},{"start":{"line":156,"column":4},"end":{"line":324,"column":14},"skip":true}]},"7":{"line":70,"type":"if","locations":[{"start":{"line":70,"column":12},"end":{"line":70,"column":12},"skip":true},{"start":{"line":70,"column":12},"end":{"line":70,"column":12},"skip":true}]},"8":{"line":70,"type":"binary-expr","locations":[{"start":{"line":70,"column":16},"end":{"line":70,"column":22},"skip":true},{"start":{"line":70,"column":27},"end":{"line":70,"column":32},"skip":true},{"start":{"line":71,"column":20},"end":{"line":71,"column":39},"skip":true},{"start":{"line":72,"column":20},"end":{"line":72,"column":49},"skip":true},{"start":{"line":73,"column":20},"end":{"line":73,"column":58},"skip":true},{"start":{"line":74,"column":20},"end":{"line":74,"column":69},"skip":true}]},"9":{"line":79,"type":"switch","locations":[{"start":{"line":80,"column":20},"end":{"line":80,"column":33},"skip":true},{"start":{"line":81,"column":20},"end":{"line":83,"column":30},"skip":true},{"start":{"line":84,"column":20},"end":{"line":85,"column":49},"skip":true}]},"10":{"line":89,"type":"switch","locations":[{"start":{"line":90,"column":12},"end":{"line":103,"column":22},"skip":true},{"start":{"line":105,"column":12},"end":{"line":106,"column":22},"skip":true}]},"11":{"line":89,"type":"binary-expr","locations":[{"start":{"line":89,"column":20},"end":{"line":89,"column":25},"skip":true},{"start":{"line":89,"column":29},"end":{"line":89,"column":48},"skip":true},{"start":{"line":89,"column":52},"end":{"line":89,"column":74},"skip":true}]},"12":{"line":92,"type":"if","locations":[{"start":{"line":92,"column":16},"end":{"line":92,"column":16},"skip":true},{"start":{"line":92,"column":16},"end":{"line":92,"column":16},"skip":true}]},"13":{"line":108,"type":"if","locations":[{"start":{"line":108,"column":12},"end":{"line":108,"column":12},"skip":true},{"start":{"line":108,"column":12},"end":{"line":108,"column":12},"skip":true}]},"14":{"line":108,"type":"binary-expr","locations":[{"start":{"line":108,"column":16},"end":{"line":108,"column":61},"skip":true},{"start":{"line":108,"column":66},"end":{"line":108,"column":72},"skip":true},{"start":{"line":108,"column":77},"end":{"line":108,"column":82},"skip":true},{"start":{"line":109,"column":20},"end":{"line":109,"column":39},"skip":true},{"start":{"line":110,"column":20},"end":{"line":110,"column":49},"skip":true},{"start":{"line":111,"column":20},"end":{"line":111,"column":58},"skip":true},{"start":{"line":112,"column":20},"end":{"line":112,"column":68},"skip":true}]},"15":{"line":129,"type":"if","locations":[{"start":{"line":129,"column":16},"end":{"line":129,"column":16},"skip":true},{"start":{"line":129,"column":16},"end":{"line":129,"column":16},"skip":true}]},"16":{"line":134,"type":"cond-expr","locations":[{"start":{"line":135,"column":26},"end":{"line":135,"column":29},"skip":true},{"start":{"line":136,"column":26},"end":{"line":136,"column":54},"skip":true}]},"17":{"line":164,"type":"binary-expr","locations":[{"start":{"line":164,"column":27},"end":{"line":164,"column":43},"skip":true},{"start":{"line":164,"column":47},"end":{"line":164,"column":49},"skip":true}]},"18":{"line":258,"type":"if","locations":[{"start":{"line":258,"column":8},"end":{"line":258,"column":8},"skip":true},{"start":{"line":258,"column":8},"end":{"line":258,"column":8},"skip":true}]},"19":{"line":275,"type":"switch","locations":[{"start":{"line":276,"column":20},"end":{"line":277,"column":64},"skip":true},{"start":{"line":278,"column":20},"end":{"line":279,"column":40},"skip":true},{"start":{"line":280,"column":20},"end":{"line":281,"column":40},"skip":true},{"start":{"line":282,"column":20},"end":{"line":283,"column":39},"skip":true}]},"20":{"line":288,"type":"if","locations":[{"start":{"line":288,"column":8},"end":{"line":288,"column":8},"skip":true},{"start":{"line":288,"column":8},"end":{"line":288,"column":8},"skip":true}]},"21":{"line":288,"type":"binary-expr","locations":[{"start":{"line":288,"column":12},"end":{"line":288,"column":40},"skip":true},{"start":{"line":288,"column":44},"end":{"line":288,"column":67},"skip":true}]},"22":{"line":292,"type":"binary-expr","locations":[{"start":{"line":292,"column":12},"end":{"line":292,"column":50},"skip":true},{"start":{"line":293,"column":12},"end":{"line":293,"column":53},"skip":true}]},"23":{"line":297,"type":"binary-expr","locations":[{"start":{"line":297,"column":12},"end":{"line":297,"column":76},"skip":true},{"start":{"line":298,"column":12},"end":{"line":301,"column":36},"skip":true}]},"24":{"line":303,"type":"binary-expr","locations":[{"start":{"line":303,"column":43},"end":{"line":303,"column":75},"skip":true},{"start":{"line":303,"column":79},"end":{"line":303,"column":81},"skip":true}]},"25":{"line":306,"type":"if","locations":[{"start":{"line":306,"column":8},"end":{"line":306,"column":8},"skip":true},{"start":{"line":306,"column":8},"end":{"line":306,"column":8},"skip":true}]},"26":{"line":310,"type":"if","locations":[{"start":{"line":310,"column":8},"end":{"line":310,"column":8},"skip":true},{"start":{"line":310,"column":8},"end":{"line":310,"column":8},"skip":true}]},"27":{"line":313,"type":"binary-expr","locations":[{"start":{"line":313,"column":27},"end":{"line":313,"column":43},"skip":true},{"start":{"line":313,"column":47},"end":{"line":313,"column":53},"skip":true}]},"28":{"line":317,"type":"if","locations":[{"start":{"line":317,"column":12},"end":{"line":317,"column":12},"skip":true},{"start":{"line":317,"column":12},"end":{"line":317,"column":12},"skip":true}]}},"code":["/*","example.js","","quickstart example","","instruction","    1. save this script as example.js","    2. run the shell command:","        $ npm install npmtest-minecraft-protocol && PORT=8081 node example.js","    3. play with the browser-demo on http://127.0.0.1:8081","*/","","","","/* istanbul instrument in package npmtest_minecraft_protocol */","/*jslint","    bitwise: true,","    browser: true,","    maxerr: 8,","    maxlen: 96,","    node: true,","    nomen: true,","    regexp: true,","    stupid: true","*/","(function () {","    'use strict';","    var local;","","","","    // run shared js-env code - init-before","    (function () {","        // init local","        local = {};","        // init modeJs","        local.modeJs = (function () {","            try {","                return typeof navigator.userAgent === 'string' &&","                    typeof document.querySelector('body') === 'object' &&","                    typeof XMLHttpRequest.prototype.open === 'function' &&","                    'browser';","            } catch (errorCaughtBrowser) {","                return module.exports &&","                    typeof process.versions.node === 'string' &&","                    typeof require('http').createServer === 'function' &&","                    'node';","            }","        }());","        // init global","        local.global = local.modeJs === 'browser'","            ? window","            : global;","        // init utility2_rollup","        local = local.global.utility2_rollup || (local.modeJs === 'browser'","            ? local.global.utility2_npmtest_minecraft_protocol","            : global.utility2_moduleExports);","        // export local","        local.global.local = local;","    }());","    switch (local.modeJs) {","","","","    // init-after","    // run browser js-env code - init-after","    /* istanbul ignore next */","    case 'browser':","        local.testRunBrowser = function (event) {","            if (!event || (event &&","                    event.currentTarget &&","                    event.currentTarget.className &&","                    event.currentTarget.className.includes &&","                    event.currentTarget.className.includes('onreset'))) {","                // reset output","                Array.from(","                    document.querySelectorAll('body > .resettable')","                ).forEach(function (element) {","                    switch (element.tagName) {","                    case 'INPUT':","                    case 'TEXTAREA':","                        element.value = '';","                        break;","                    default:","                        element.textContent = '';","                    }","                });","            }","            switch (event && event.currentTarget && event.currentTarget.id) {","            case 'testRunButton1':","                // show tests","                if (document.querySelector('#testReportDiv1').style.display === 'none') {","                    document.querySelector('#testReportDiv1').style.display = 'block';","                    document.querySelector('#testRunButton1').textContent =","                        'hide internal test';","                    local.modeTest = true;","                    local.testRunDefault(local);","                // hide tests","                } else {","                    document.querySelector('#testReportDiv1').style.display = 'none';","                    document.querySelector('#testRunButton1').textContent = 'run internal test';","                }","                break;","            // custom-case","            default:","                break;","            }","            if (document.querySelector('#inputTextareaEval1') && (!event || (event &&","                    event.currentTarget &&","                    event.currentTarget.className &&","                    event.currentTarget.className.includes &&","                    event.currentTarget.className.includes('oneval')))) {","                // try to eval input-code","                try {","                    /*jslint evil: true*/","                    eval(document.querySelector('#inputTextareaEval1').value);","                } catch (errorCaught) {","                    console.error(errorCaught);","                }","            }","        };","        // log stderr and stdout to #outputTextareaStdout1","        ['error', 'log'].forEach(function (key) {","            console[key + '_original'] = console[key];","            console[key] = function () {","                var element;","                console[key + '_original'].apply(console, arguments);","                element = document.querySelector('#outputTextareaStdout1');","                if (!element) {","                    return;","                }","                // append text to #outputTextareaStdout1","                element.value += Array.from(arguments).map(function (arg) {","                    return typeof arg === 'string'","                        ? arg","                        : JSON.stringify(arg, null, 4);","                }).join(' ') + '\\n';","                // scroll textarea to bottom","                element.scrollTop = element.scrollHeight;","            };","        });","        // init event-handling","        ['change', 'click', 'keyup'].forEach(function (event) {","            Array.from(document.querySelectorAll('.on' + event)).forEach(function (element) {","                element.addEventListener(event, local.testRunBrowser);","            });","        });","        // run tests","        local.testRunBrowser();","        break;","","","","    // run node js-env code - init-after","    /* istanbul ignore next */","    case 'node':","        // export local","        module.exports = local;","        // require modules","        local.fs = require('fs');","        local.http = require('http');","        local.url = require('url');","        // init assets","        local.assetsDict = local.assetsDict || {};","        /* jslint-ignore-begin */","        local.assetsDict['/assets.index.template.html'] = '\\","<!doctype html>\\n\\","<html lang=\"en\">\\n\\","<head>\\n\\","<meta charset=\"UTF-8\">\\n\\","<meta name=\"viewport\" content=\"width=device-width, initial-scale=1\">\\n\\","<title>{{env.npm_package_name}} (v{{env.npm_package_version}})</title>\\n\\","<style>\\n\\","/*csslint\\n\\","    box-sizing: false,\\n\\","    universal-selector: false\\n\\","*/\\n\\","* {\\n\\","    box-sizing: border-box;\\n\\","}\\n\\","body {\\n\\","    background: #dde;\\n\\","    font-family: Arial, Helvetica, sans-serif;\\n\\","    margin: 2rem;\\n\\","}\\n\\","body > * {\\n\\","    margin-bottom: 1rem;\\n\\","}\\n\\",".utility2FooterDiv {\\n\\","    margin-top: 20px;\\n\\","    text-align: center;\\n\\","}\\n\\","</style>\\n\\","<style>\\n\\","/*csslint\\n\\","*/\\n\\","textarea {\\n\\","    font-family: monospace;\\n\\","    height: 10rem;\\n\\","    width: 100%;\\n\\","}\\n\\","textarea[readonly] {\\n\\","    background: #ddd;\\n\\","}\\n\\","</style>\\n\\","</head>\\n\\","<body>\\n\\","<!-- utility2-comment\\n\\","<div id=\"ajaxProgressDiv1\" style=\"background: #d00; height: 2px; left: 0; margin: 0; padding: 0; position: fixed; top: 0; transition: background 0.5s, width 1.5s; width: 25%;\"></div>\\n\\","utility2-comment -->\\n\\","<h1>\\n\\","<!-- utility2-comment\\n\\","    <a\\n\\","        {{#if env.npm_package_homepage}}\\n\\","        href=\"{{env.npm_package_homepage}}\"\\n\\","        {{/if env.npm_package_homepage}}\\n\\","        target=\"_blank\"\\n\\","    >\\n\\","utility2-comment -->\\n\\","        {{env.npm_package_name}} (v{{env.npm_package_version}})\\n\\","<!-- utility2-comment\\n\\","    </a>\\n\\","utility2-comment -->\\n\\","</h1>\\n\\","<h3>{{env.npm_package_description}}</h3>\\n\\","<!-- utility2-comment\\n\\","<h4><a download href=\"assets.app.js\">download standalone app</a></h4>\\n\\","<button class=\"onclick onreset\" id=\"testRunButton1\">run internal test</button><br>\\n\\","<div id=\"testReportDiv1\" style=\"display: none;\"></div>\\n\\","utility2-comment -->\\n\\","\\n\\","\\n\\","\\n\\","<label>stderr and stdout</label>\\n\\","<textarea class=\"resettable\" id=\"outputTextareaStdout1\" readonly></textarea>\\n\\","<!-- utility2-comment\\n\\","{{#if isRollup}}\\n\\","<script src=\"assets.app.js\"></script>\\n\\","{{#unless isRollup}}\\n\\","utility2-comment -->\\n\\","<script src=\"assets.utility2.rollup.js\"></script>\\n\\","<script src=\"jsonp.utility2._stateInit?callback=window.utility2._stateInit\"></script>\\n\\","<script src=\"assets.npmtest_minecraft_protocol.rollup.js\"></script>\\n\\","<script src=\"assets.example.js\"></script>\\n\\","<script src=\"assets.test.js\"></script>\\n\\","<!-- utility2-comment\\n\\","{{/if isRollup}}\\n\\","utility2-comment -->\\n\\","<div class=\"utility2FooterDiv\">\\n\\","    [ this app was created with\\n\\","    <a href=\"https://github.com/kaizhu256/node-utility2\" target=\"_blank\">utility2</a>\\n\\","    ]\\n\\","</div>\\n\\","</body>\\n\\","</html>\\n\\","';","        /* jslint-ignore-end */","        if (local.templateRender) {","            local.assetsDict['/'] = local.templateRender(","                local.assetsDict['/assets.index.template.html'],","                {","                    env: local.objectSetDefault(local.env, {","                        npm_package_description: 'the greatest app in the world!',","                        npm_package_name: 'my-app',","                        npm_package_nameAlias: 'my_app',","                        npm_package_version: '0.0.1'","                    })","                }","            );","        } else {","            local.assetsDict['/'] = local.assetsDict['/assets.index.template.html']","                .replace((/\\{\\{env\\.(\\w+?)\\}\\}/g), function (match0, match1) {","                    // jslint-hack","                    String(match0);","                    switch (match1) {","                    case 'npm_package_description':","                        return 'the greatest app in the world!';","                    case 'npm_package_name':","                        return 'my-app';","                    case 'npm_package_nameAlias':","                        return 'my_app';","                    case 'npm_package_version':","                        return '0.0.1';","                    }","                });","        }","        // run the cli","        if (local.global.utility2_rollup || module !== require.main) {","            break;","        }","        local.assetsDict['/assets.example.js'] =","            local.assetsDict['/assets.example.js'] ||","            local.fs.readFileSync(__filename, 'utf8');","        // bug-workaround - long $npm_package_buildCustomOrg","        /* jslint-ignore-begin */","        local.assetsDict['/assets.npmtest_minecraft_protocol.rollup.js'] =","            local.assetsDict['/assets.npmtest_minecraft_protocol.rollup.js'] ||","            local.fs.readFileSync(","                local.npmtest_minecraft_protocol.__dirname + '/lib.npmtest_minecraft_protocol.js',","                'utf8'","            ).replace((/^#!/), '//');","        /* jslint-ignore-end */","        local.assetsDict['/favicon.ico'] = local.assetsDict['/favicon.ico'] || '';","        // if $npm_config_timeout_exit exists,","        // then exit this process after $npm_config_timeout_exit ms","        if (Number(process.env.npm_config_timeout_exit)) {","            setTimeout(process.exit, Number(process.env.npm_config_timeout_exit));","        }","        // start server","        if (local.global.utility2_serverHttp1) {","            break;","        }","        process.env.PORT = process.env.PORT || '8081';","        console.error('server starting on port ' + process.env.PORT);","        local.http.createServer(function (request, response) {","            request.urlParsed = local.url.parse(request.url);","            if (local.assetsDict[request.urlParsed.pathname] !== undefined) {","                response.end(local.assetsDict[request.urlParsed.pathname]);","                return;","            }","            response.statusCode = 404;","            response.end();","        }).listen(process.env.PORT);","        break;","    }","}());",""],"l":{"26":2,"28":2,"33":2,"35":2,"37":2,"38":2,"39":2,"44":1,"51":2,"55":2,"59":2,"61":2,"69":1,"70":2,"76":2,"79":2,"82":2,"83":2,"85":1,"89":2,"92":1,"93":1,"94":1,"96":1,"97":1,"100":1,"101":1,"103":1,"106":1,"108":2,"114":1,"116":1,"118":1,"123":1,"124":2,"125":2,"126":3,"127":3,"128":3,"129":3,"130":1,"133":3,"134":3,"139":3,"143":1,"144":3,"145":1,"149":1,"150":1,"158":1,"160":1,"161":1,"162":1,"164":1,"166":1,"258":1,"259":1,"271":1,"274":6,"275":6,"277":1,"279":2,"281":1,"283":2,"288":1,"289":1,"291":1,"296":1,"303":1,"306":1,"307":1,"310":1,"311":1,"313":1,"314":1,"315":1,"316":1,"317":1,"318":1,"319":1,"321":1,"322":1,"324":1}},"/home/travis/build/npmtest/node-npmtest-minecraft-protocol/node_modules/minecraft-protocol/src/index.js":{"path":"/home/travis/build/npmtest/node-npmtest-minecraft-protocol/node_modules/minecraft-protocol/src/index.js","s":{"1":2,"2":0,"3":0,"4":0,"5":0,"6":0},"b":{},"f":{},"fnMap":{},"statementMap":{"1":{"start":{"line":3,"column":0},"end":{"line":3,"column":35}},"2":{"start":{"line":4,"column":0},"end":{"line":4,"column":35}},"3":{"start":{"line":5,"column":0},"end":{"line":5,"column":54}},"4":{"start":{"line":6,"column":0},"end":{"line":6,"column":47}},"5":{"start":{"line":7,"column":0},"end":{"line":7,"column":47}},"6":{"start":{"line":9,"column":0},"end":{"line":19,"column":2}}},"branchMap":{},"code":["'use strict';","","const Client = require('./client');","const Server = require('./server');","const serializer = require(\"./transforms/serializer\");","const createClient = require(\"./createClient\");","const createServer = require(\"./createServer\");","","module.exports = {","  createClient: createClient,","  createServer: createServer,","  Client: Client,","  Server: Server,","  states: require(\"./states\"),","  createSerializer:serializer.createSerializer,","  createDeserializer:serializer.createDeserializer,","  ping: require('./ping'),","  supportedVersions:require(\"./version\").supportedVersions","};",""],"l":{"3":2,"4":0,"5":0,"6":0,"7":0,"9":0}},"/home/travis/build/npmtest/node-npmtest-minecraft-protocol/node_modules/minecraft-protocol/src/client.js":{"path":"/home/travis/build/npmtest/node-npmtest-minecraft-protocol/node_modules/minecraft-protocol/src/client.js","s":{"1":16,"2":16,"3":16,"4":16,"5":16,"6":16,"7":16,"8":0,"9":0,"10":0,"11":0,"12":0,"13":0,"14":0,"15":0,"16":0,"17":0,"18":0,"19":0,"20":0,"21":0,"22":0,"23":0,"24":0,"25":0,"26":0,"27":0,"28":0,"29":0,"30":0,"31":0,"32":0,"33":0,"34":0,"35":0,"36":0,"37":0,"38":0,"39":0,"40":0,"41":0,"42":0,"43":0,"44":0,"45":0,"46":0,"47":0,"48":0,"49":0,"50":0,"51":0,"52":0,"53":0,"54":0,"55":0,"56":0,"57":0,"58":0,"59":0,"60":0,"61":0,"62":0,"63":0,"64":0,"65":0,"66":0,"67":0,"68":0,"69":0,"70":0,"71":0,"72":0,"73":0,"74":0,"75":0,"76":0,"77":0,"78":0,"79":0,"80":0,"81":0,"82":0,"83":0,"84":0,"85":0,"86":0,"87":0,"88":0,"89":0,"90":0,"91":0,"92":0,"93":0,"94":0,"95":0,"96":0,"97":0,"98":0,"99":0,"100":0,"101":0,"102":0,"103":0,"104":0,"105":0,"106":0,"107":0,"108":0,"109":0,"110":0,"111":0,"112":0,"113":0,"114":0,"115":0,"116":0,"117":0,"118":0,"119":0,"120":0,"121":0,"122":0,"123":0,"124":0,"125":0,"126":0,"127":0,"128":0,"129":0,"130":0,"131":0,"132":0,"133":0,"134":0,"135":0,"136":0,"137":0,"138":0,"139":0,"140":0,"141":0,"142":0,"143":0,"144":0,"145":0,"146":0,"147":0,"148":0,"149":0,"150":0,"151":0,"152":0,"153":0,"154":0,"155":0,"156":0,"157":0,"158":0,"159":0,"160":0,"161":0,"162":0,"163":0,"164":0,"165":0,"166":0,"167":0},"b":{"1":[0,0],"2":[0,0],"3":[0,0],"4":[0,0],"5":[0,0],"6":[0,0],"7":[0,0],"8":[0,0],"9":[0,0],"10":[0,0],"11":[0,0],"12":[0,0],"13":[0,0],"14":[0,0],"15":[0,0],"16":[0,0],"17":[0,0],"18":[0,0],"19":[0,0],"20":[0,0],"21":[0,0],"22":[0,0],"23":[0,0]},"f":{"1":0,"2":0,"3":0,"4":0,"5":0,"6":0,"7":0,"8":0,"9":0,"10":0,"11":0,"12":0,"13":0,"14":0,"15":0},"fnMap":{"1":{"name":"(anonymous_1)","line":15,"loc":{"start":{"line":15,"column":13},"end":{"line":15,"column":46}}},"2":{"name":"(anonymous_2)","line":35,"loc":{"start":{"line":35,"column":27},"end":{"line":35,"column":53}}},"3":{"name":"(anonymous_3)","line":40,"loc":{"start":{"line":40,"column":30},"end":{"line":40,"column":56}}},"4":{"name":"(anonymous_4)","line":46,"loc":{"start":{"line":46,"column":11},"end":{"line":46,"column":13}}},"5":{"name":"(anonymous_5)","line":51,"loc":{"start":{"line":51,"column":15},"end":{"line":51,"column":23}}},"6":{"name":"(anonymous_6)","line":108,"loc":{"start":{"line":108,"column":11},"end":{"line":108,"column":25}}},"7":{"name":"(anonymous_7)","line":141,"loc":{"start":{"line":141,"column":26},"end":{"line":141,"column":29}}},"8":{"name":"(anonymous_8)","line":145,"loc":{"start":{"line":145,"column":26},"end":{"line":145,"column":38}}},"9":{"name":"(anonymous_9)","line":149,"loc":{"start":{"line":149,"column":11},"end":{"line":149,"column":20}}},"10":{"name":"(anonymous_10)","line":187,"loc":{"start":{"line":187,"column":5},"end":{"line":187,"column":14}}},"11":{"name":"(anonymous_11)","line":194,"loc":{"start":{"line":194,"column":15},"end":{"line":194,"column":30}}},"12":{"name":"(anonymous_12)","line":207,"loc":{"start":{"line":207,"column":25},"end":{"line":207,"column":37}}},"13":{"name":"(anonymous_13)","line":223,"loc":{"start":{"line":223,"column":7},"end":{"line":223,"column":22}}},"14":{"name":"(anonymous_14)","line":231,"loc":{"start":{"line":231,"column":10},"end":{"line":231,"column":19}}},"15":{"name":"(anonymous_15)","line":241,"loc":{"start":{"line":241,"column":9},"end":{"line":241,"column":22}}}},"statementMap":{"1":{"start":{"line":3,"column":0},"end":{"line":3,"column":52}},"2":{"start":{"line":4,"column":0},"end":{"line":4,"column":53}},"3":{"start":{"line":5,"column":0},"end":{"line":5,"column":56}},"4":{"start":{"line":6,"column":0},"end":{"line":6,"column":48}},"5":{"start":{"line":7,"column":0},"end":{"line":7,"column":33}},"6":{"start":{"line":8,"column":0},"end":{"line":8,"column":35}},"7":{"start":{"line":10,"column":0},"end":{"line":10,"column":75}},"8":{"start":{"line":11,"column":0},"end":{"line":11,"column":79}},"9":{"start":{"line":16,"column":4},"end":{"line":16,"column":12}},"10":{"start":{"line":17,"column":4},"end":{"line":17,"column":37}},"11":{"start":{"line":18,"column":4},"end":{"line":18,"column":25}},"12":{"start":{"line":19,"column":4},"end":{"line":19,"column":31}},"13":{"start":{"line":20,"column":4},"end":{"line":20,"column":43}},"14":{"start":{"line":21,"column":4},"end":{"line":21,"column":43}},"15":{"start":{"line":22,"column":4},"end":{"line":22,"column":27}},"16":{"start":{"line":23,"column":4},"end":{"line":23,"column":20}},"17":{"start":{"line":24,"column":4},"end":{"line":24,"column":25}},"18":{"start":{"line":25,"column":4},"end":{"line":25,"column":39}},"19":{"start":{"line":26,"column":4},"end":{"line":26,"column":21}},"20":{"start":{"line":27,"column":4},"end":{"line":27,"column":23}},"21":{"start":{"line":28,"column":4},"end":{"line":28,"column":27}},"22":{"start":{"line":29,"column":4},"end":{"line":29,"column":22}},"23":{"start":{"line":30,"column":4},"end":{"line":30,"column":18}},"24":{"start":{"line":31,"column":4},"end":{"line":31,"column":42}},"25":{"start":{"line":32,"column":4},"end":{"line":32,"column":20}},"26":{"start":{"line":33,"column":4},"end":{"line":33,"column":19}},"27":{"start":{"line":35,"column":4},"end":{"line":39,"column":7}},"28":{"start":{"line":36,"column":6},"end":{"line":36,"column":64}},"29":{"start":{"line":37,"column":6},"end":{"line":38,"column":43}},"30":{"start":{"line":37,"column":60},"end":{"line":37,"column":91}},"31":{"start":{"line":38,"column":11},"end":{"line":38,"column":43}},"32":{"start":{"line":40,"column":4},"end":{"line":43,"column":7}},"33":{"start":{"line":41,"column":6},"end":{"line":41,"column":64}},"34":{"start":{"line":42,"column":6},"end":{"line":42,"column":38}},"35":{"start":{"line":47,"column":4},"end":{"line":47,"column":30}},"36":{"start":{"line":52,"column":4},"end":{"line":52,"column":135}},"37":{"start":{"line":53,"column":4},"end":{"line":54,"column":61}},"38":{"start":{"line":56,"column":4},"end":{"line":56,"column":69}},"39":{"start":{"line":58,"column":4},"end":{"line":74,"column":7}},"40":{"start":{"line":59,"column":6},"end":{"line":59,"column":16}},"41":{"start":{"line":60,"column":6},"end":{"line":65,"column":17}},"42":{"start":{"line":61,"column":8},"end":{"line":61,"column":35}},"43":{"start":{"line":62,"column":8},"end":{"line":62,"column":22}},"44":{"start":{"line":65,"column":8},"end":{"line":65,"column":17}},"45":{"start":{"line":66,"column":6},"end":{"line":66,"column":75}},"46":{"start":{"line":67,"column":6},"end":{"line":67,"column":82}},"47":{"start":{"line":68,"column":6},"end":{"line":68,"column":70}},"48":{"start":{"line":69,"column":6},"end":{"line":72,"column":46}},"49":{"start":{"line":70,"column":8},"end":{"line":70,"column":42}},"50":{"start":{"line":72,"column":8},"end":{"line":72,"column":46}},"51":{"start":{"line":73,"column":6},"end":{"line":73,"column":27}},"52":{"start":{"line":77,"column":4},"end":{"line":93,"column":7}},"53":{"start":{"line":78,"column":6},"end":{"line":78,"column":16}},"54":{"start":{"line":79,"column":6},"end":{"line":84,"column":17}},"55":{"start":{"line":80,"column":8},"end":{"line":80,"column":35}},"56":{"start":{"line":81,"column":8},"end":{"line":81,"column":22}},"57":{"start":{"line":84,"column":8},"end":{"line":84,"column":17}},"58":{"start":{"line":85,"column":6},"end":{"line":85,"column":76}},"59":{"start":{"line":86,"column":6},"end":{"line":86,"column":84}},"60":{"start":{"line":87,"column":6},"end":{"line":87,"column":72}},"61":{"start":{"line":88,"column":6},"end":{"line":91,"column":50}},"62":{"start":{"line":89,"column":8},"end":{"line":89,"column":46}},"63":{"start":{"line":91,"column":8},"end":{"line":91,"column":50}},"64":{"start":{"line":92,"column":6},"end":{"line":92,"column":27}},"65":{"start":{"line":95,"column":4},"end":{"line":105,"column":7}},"66":{"start":{"line":96,"column":6},"end":{"line":96,"column":44}},"67":{"start":{"line":97,"column":6},"end":{"line":97,"column":37}},"68":{"start":{"line":98,"column":6},"end":{"line":98,"column":34}},"69":{"start":{"line":99,"column":6},"end":{"line":99,"column":65}},"70":{"start":{"line":100,"column":6},"end":{"line":100,"column":25}},"71":{"start":{"line":101,"column":6},"end":{"line":101,"column":56}},"72":{"start":{"line":102,"column":6},"end":{"line":102,"column":68}},"73":{"start":{"line":103,"column":6},"end":{"line":103,"column":79}},"74":{"start":{"line":104,"column":6},"end":{"line":104,"column":55}},"75":{"start":{"line":109,"column":4},"end":{"line":109,"column":43}},"76":{"start":{"line":110,"column":4},"end":{"line":110,"column":37}},"77":{"start":{"line":112,"column":4},"end":{"line":121,"column":5}},"78":{"start":{"line":114,"column":6},"end":{"line":114,"column":42}},"79":{"start":{"line":115,"column":6},"end":{"line":115,"column":46}},"80":{"start":{"line":119,"column":6},"end":{"line":119,"column":46}},"81":{"start":{"line":120,"column":6},"end":{"line":120,"column":50}},"82":{"start":{"line":123,"column":4},"end":{"line":123,"column":41}},"83":{"start":{"line":124,"column":4},"end":{"line":124,"column":43}},"84":{"start":{"line":125,"column":4},"end":{"line":125,"column":43}},"85":{"start":{"line":127,"column":4},"end":{"line":136,"column":5}},"86":{"start":{"line":129,"column":6},"end":{"line":129,"column":40}},"87":{"start":{"line":130,"column":6},"end":{"line":130,"column":44}},"88":{"start":{"line":134,"column":6},"end":{"line":134,"column":44}},"89":{"start":{"line":135,"column":6},"end":{"line":135,"column":48}},"90":{"start":{"line":138,"column":4},"end":{"line":138,"column":49}},"91":{"start":{"line":142,"column":4},"end":{"line":142,"column":79}},"92":{"start":{"line":146,"column":4},"end":{"line":146,"column":44}},"93":{"start":{"line":150,"column":4},"end":{"line":150,"column":23}},"94":{"start":{"line":153,"column":4},"end":{"line":160,"column":6}},"95":{"start":{"line":154,"column":6},"end":{"line":154,"column":28}},"96":{"start":{"line":154,"column":21},"end":{"line":154,"column":28}},"97":{"start":{"line":155,"column":6},"end":{"line":155,"column":24}},"98":{"start":{"line":156,"column":6},"end":{"line":156,"column":53}},"99":{"start":{"line":157,"column":6},"end":{"line":157,"column":51}},"100":{"start":{"line":158,"column":6},"end":{"line":158,"column":55}},"101":{"start":{"line":159,"column":6},"end":{"line":159,"column":40}},"102":{"start":{"line":162,"column":4},"end":{"line":165,"column":6}},"103":{"start":{"line":163,"column":6},"end":{"line":163,"column":30}},"104":{"start":{"line":164,"column":6},"end":{"line":164,"column":18}},"105":{"start":{"line":167,"column":4},"end":{"line":167,"column":53}},"106":{"start":{"line":167,"column":29},"end":{"line":167,"column":52}},"107":{"start":{"line":169,"column":4},"end":{"line":169,"column":25}},"108":{"start":{"line":171,"column":4},"end":{"line":172,"column":35}},"109":{"start":{"line":172,"column":6},"end":{"line":172,"column":35}},"110":{"start":{"line":174,"column":4},"end":{"line":174,"column":58}},"111":{"start":{"line":174,"column":36},"end":{"line":174,"column":56}},"112":{"start":{"line":176,"column":4},"end":{"line":176,"column":42}},"113":{"start":{"line":177,"column":4},"end":{"line":177,"column":39}},"114":{"start":{"line":178,"column":4},"end":{"line":178,"column":37}},"115":{"start":{"line":179,"column":4},"end":{"line":179,"column":41}},"116":{"start":{"line":180,"column":4},"end":{"line":180,"column":37}},"117":{"start":{"line":181,"column":4},"end":{"line":181,"column":39}},"118":{"start":{"line":183,"column":4},"end":{"line":183,"column":60}},"119":{"start":{"line":184,"column":4},"end":{"line":184,"column":56}},"120":{"start":{"line":188,"column":4},"end":{"line":188,"column":29}},"121":{"start":{"line":189,"column":4},"end":{"line":189,"column":41}},"122":{"start":{"line":189,"column":20},"end":{"line":189,"column":41}},"123":{"start":{"line":190,"column":4},"end":{"line":190,"column":41}},"124":{"start":{"line":190,"column":20},"end":{"line":190,"column":41}},"125":{"start":{"line":191,"column":4},"end":{"line":191,"column":38}},"126":{"start":{"line":191,"column":20},"end":{"line":191,"column":38}},"127":{"start":{"line":195,"column":4},"end":{"line":196,"column":48}},"128":{"start":{"line":196,"column":6},"end":{"line":196,"column":48}},"129":{"start":{"line":197,"column":4},"end":{"line":197,"column":84}},"130":{"start":{"line":198,"column":4},"end":{"line":198,"column":62}},"131":{"start":{"line":198,"column":37},"end":{"line":198,"column":60}},"132":{"start":{"line":199,"column":4},"end":{"line":199,"column":36}},"133":{"start":{"line":200,"column":4},"end":{"line":200,"column":52}},"134":{"start":{"line":201,"column":4},"end":{"line":201,"column":88}},"135":{"start":{"line":202,"column":4},"end":{"line":202,"column":64}},"136":{"start":{"line":202,"column":39},"end":{"line":202,"column":62}},"137":{"start":{"line":203,"column":4},"end":{"line":203,"column":38}},"138":{"start":{"line":204,"column":4},"end":{"line":204,"column":56}},"139":{"start":{"line":208,"column":4},"end":{"line":220,"column":5}},"140":{"start":{"line":209,"column":6},"end":{"line":209,"column":64}},"141":{"start":{"line":210,"column":6},"end":{"line":210,"column":68}},"142":{"start":{"line":210,"column":43},"end":{"line":210,"column":66}},"143":{"start":{"line":211,"column":6},"end":{"line":211,"column":42}},"144":{"start":{"line":212,"column":6},"end":{"line":212,"column":62}},"145":{"start":{"line":213,"column":6},"end":{"line":213,"column":68}},"146":{"start":{"line":214,"column":6},"end":{"line":214,"column":70}},"147":{"start":{"line":214,"column":45},"end":{"line":214,"column":68}},"148":{"start":{"line":215,"column":6},"end":{"line":215,"column":46}},"149":{"start":{"line":216,"column":6},"end":{"line":216,"column":68}},"150":{"start":{"line":218,"column":6},"end":{"line":218,"column":46}},"151":{"start":{"line":219,"column":6},"end":{"line":219,"column":44}},"152":{"start":{"line":224,"column":4},"end":{"line":225,"column":13}},"153":{"start":{"line":225,"column":6},"end":{"line":225,"column":13}},"154":{"start":{"line":226,"column":4},"end":{"line":226,"column":55}},"155":{"start":{"line":227,"column":4},"end":{"line":227,"column":18}},"156":{"start":{"line":228,"column":4},"end":{"line":228,"column":44}},"157":{"start":{"line":232,"column":4},"end":{"line":233,"column":13}},"158":{"start":{"line":233,"column":6},"end":{"line":233,"column":13}},"159":{"start":{"line":234,"column":4},"end":{"line":237,"column":36}},"160":{"start":{"line":235,"column":6},"end":{"line":235,"column":32}},"161":{"start":{"line":237,"column":6},"end":{"line":237,"column":36}},"162":{"start":{"line":242,"column":4},"end":{"line":242,"column":33}},"163":{"start":{"line":243,"column":4},"end":{"line":243,"column":46}},"164":{"start":{"line":243,"column":23},"end":{"line":243,"column":46}},"165":{"start":{"line":244,"column":4},"end":{"line":244,"column":47}},"166":{"start":{"line":245,"column":4},"end":{"line":245,"column":26}},"167":{"start":{"line":249,"column":0},"end":{"line":249,"column":24}}},"branchMap":{"1":{"line":36,"type":"cond-expr","locations":[{"start":{"line":36,"column":40},"end":{"line":36,"column":50}},{"start":{"line":36,"column":53},"end":{"line":36,"column":63}}]},"2":{"line":37,"type":"if","locations":[{"start":{"line":37,"column":6},"end":{"line":37,"column":6}},{"start":{"line":37,"column":6},"end":{"line":37,"column":6}}]},"3":{"line":41,"type":"cond-expr","locations":[{"start":{"line":41,"column":40},"end":{"line":41,"column":50}},{"start":{"line":41,"column":53},"end":{"line":41,"column":63}}]},"4":{"line":60,"type":"if","locations":[{"start":{"line":60,"column":6},"end":{"line":60,"column":6}},{"start":{"line":60,"column":6},"end":{"line":60,"column":6}}]},"5":{"line":66,"type":"cond-expr","locations":[{"start":{"line":66,"column":51},"end":{"line":66,"column":61}},{"start":{"line":66,"column":64},"end":{"line":66,"column":74}}]},"6":{"line":69,"type":"if","locations":[{"start":{"line":69,"column":6},"end":{"line":69,"column":6}},{"start":{"line":69,"column":6},"end":{"line":69,"column":6}}]},"7":{"line":79,"type":"if","locations":[{"start":{"line":79,"column":6},"end":{"line":79,"column":6}},{"start":{"line":79,"column":6},"end":{"line":79,"column":6}}]},"8":{"line":85,"type":"cond-expr","locations":[{"start":{"line":85,"column":52},"end":{"line":85,"column":62}},{"start":{"line":85,"column":65},"end":{"line":85,"column":75}}]},"9":{"line":88,"type":"if","locations":[{"start":{"line":88,"column":6},"end":{"line":88,"column":6}},{"start":{"line":88,"column":6},"end":{"line":88,"column":6}}]},"10":{"line":112,"type":"if","locations":[{"start":{"line":112,"column":4},"end":{"line":112,"column":4}},{"start":{"line":112,"column":4},"end":{"line":112,"column":4}}]},"11":{"line":127,"type":"if","locations":[{"start":{"line":127,"column":4},"end":{"line":127,"column":4}},{"start":{"line":127,"column":4},"end":{"line":127,"column":4}}]},"12":{"line":142,"type":"cond-expr","locations":[{"start":{"line":142,"column":37},"end":{"line":142,"column":39}},{"start":{"line":142,"column":42},"end":{"line":142,"column":78}}]},"13":{"line":154,"type":"if","locations":[{"start":{"line":154,"column":6},"end":{"line":154,"column":6}},{"start":{"line":154,"column":6},"end":{"line":154,"column":6}}]},"14":{"line":171,"type":"if","locations":[{"start":{"line":171,"column":4},"end":{"line":171,"column":4}},{"start":{"line":171,"column":4},"end":{"line":171,"column":4}}]},"15":{"line":189,"type":"if","locations":[{"start":{"line":189,"column":4},"end":{"line":189,"column":4}},{"start":{"line":189,"column":4},"end":{"line":189,"column":4}}]},"16":{"line":190,"type":"if","locations":[{"start":{"line":190,"column":4},"end":{"line":190,"column":4}},{"start":{"line":190,"column":4},"end":{"line":190,"column":4}}]},"17":{"line":191,"type":"if","locations":[{"start":{"line":191,"column":4},"end":{"line":191,"column":4}},{"start":{"line":191,"column":4},"end":{"line":191,"column":4}}]},"18":{"line":195,"type":"if","locations":[{"start":{"line":195,"column":4},"end":{"line":195,"column":4}},{"start":{"line":195,"column":4},"end":{"line":195,"column":4}}]},"19":{"line":208,"type":"if","locations":[{"start":{"line":208,"column":4},"end":{"line":208,"column":4}},{"start":{"line":208,"column":4},"end":{"line":208,"column":4}}]},"20":{"line":224,"type":"if","locations":[{"start":{"line":224,"column":4},"end":{"line":224,"column":4}},{"start":{"line":224,"column":4},"end":{"line":224,"column":4}}]},"21":{"line":232,"type":"if","locations":[{"start":{"line":232,"column":4},"end":{"line":232,"column":4}},{"start":{"line":232,"column":4},"end":{"line":232,"column":4}}]},"22":{"line":234,"type":"if","locations":[{"start":{"line":234,"column":4},"end":{"line":234,"column":4}},{"start":{"line":234,"column":4},"end":{"line":234,"column":4}}]},"23":{"line":243,"type":"if","locations":[{"start":{"line":243,"column":4},"end":{"line":243,"column":4}},{"start":{"line":243,"column":4},"end":{"line":243,"column":4}}]}},"code":["'use strict';","","const EventEmitter = require('events').EventEmitter;","const debug = require('debug')('minecraft-protocol');","const compression = require('./transforms/compression');","const framing = require('./transforms/framing');","const crypto = require('crypto');","const states = require(\"./states\");","","const createSerializer=require(\"./transforms/serializer\").createSerializer;","const createDeserializer=require(\"./transforms/serializer\").createDeserializer;","","class Client extends EventEmitter","{","  constructor(isServer,version,customPackets) {","    super();","    this.customPackets=customPackets;","    this.version=version;","    this.isServer = !!isServer;","    this.splitter=framing.createSplitter();","    this.setSerializer(states.HANDSHAKING);","    this.packetsToParse={};","    this.serializer;","    this.compressor=null;","    this.framer=framing.createFramer();","    this.cipher=null;","    this.decipher=null;","    this.decompressor=null;","    this.deserializer;","    this.isServer;","    this.protocolState=states.HANDSHAKING;","    this.ended=true;","    this.latency=0;","","    this.on('newListener', function(event, listener) {","      const direction = this.isServer ? 'toServer' : 'toClient';","      if(typeof this.packetsToParse[event] === \"undefined\") this.packetsToParse[event] = 1;","      else this.packetsToParse[event] += 1;","    });","    this.on('removeListener', function(event, listener) {","      const direction = this.isServer ? 'toServer' : 'toClient';","      this.packetsToParse[event] -= 1;","    });","  }","","  get state(){","    return this.protocolState;","  }","","","  setSerializer(state) {","    this.serializer = createSerializer({ isServer:this.isServer, version:this.version, state: state,customPackets:this.customPackets});","    this.deserializer = createDeserializer({ isServer:this.isServer, version:this.version, state: state, packetsToParse:","      this.packetsToParse,customPackets:this.customPackets});","","    this.splitter.recognizeLegacyPing = state === states.HANDSHAKING;","","    this.serializer.on('error', (e) => {","      let parts;","      if(e.field) {","        parts = e.field.split(\".\");","        parts.shift();","      }","      else","        parts=[];","      const serializerDirection = !this.isServer ? 'toServer' : 'toClient';","      e.field = [this.protocolState, serializerDirection].concat(parts).join(\".\");","      e.message = `Serialization error for ${e.field} : ${e.message}`;","      if(!this.compressor)","        this.serializer.pipe(this.framer);","      else","        this.serializer.pipe(this.compressor);","      this.emit('error',e);","    });","","","    this.deserializer.on('error', (e) => {","      let parts;","      if(e.field) {","        parts = e.field.split(\".\");","        parts.shift();","      }","      else","        parts=[];","      const deserializerDirection = this.isServer ? 'toServer' : 'toClient';","      e.field = [this.protocolState, deserializerDirection].concat(parts).join(\".\");","      e.message = `Deserialization error for ${e.field} : ${e.message}`;","      if(!this.compressor)","        this.splitter.pipe(this.deserializer);","      else","        this.decompressor.pipe(this.deserializer);","      this.emit('error',e);","    });","","    this.deserializer.on('data', (parsed) => {","      parsed.metadata.name=parsed.data.name;","      parsed.data=parsed.data.params;","      parsed.metadata.state=state;","      debug(\"read packet \" + state + \".\" + parsed.metadata.name);","      debug(parsed.data);","      this.emit('packet', parsed.data, parsed.metadata);","      this.emit(parsed.metadata.name, parsed.data, parsed.metadata);","      this.emit('raw.' + parsed.metadata.name, parsed.buffer, parsed.metadata);","      this.emit('raw', parsed.buffer, parsed.metadata);","    });","  }","","  set state(newProperty) {","    const oldProperty = this.protocolState;","    this.protocolState = newProperty;","","    if(!this.compressor)","    {","      this.serializer.unpipe(this.framer);","      this.splitter.unpipe(this.deserializer);","    }","    else","    {","      this.serializer.unpipe(this.compressor);","      this.decompressor.unpipe(this.deserializer);","    }","","    this.serializer.removeAllListeners();","    this.deserializer.removeAllListeners();","    this.setSerializer(this.protocolState);","","    if(!this.compressor)","    {","      this.serializer.pipe(this.framer);","      this.splitter.pipe(this.deserializer);","    }","    else","    {","      this.serializer.pipe(this.compressor);","      this.decompressor.pipe(this.deserializer);","    }","","    this.emit('state', newProperty, oldProperty);","  }","","  get compressionThreshold() {","    return this.compressor == null ? -2 : this.compressor.compressionThreshold;","  }","","  set compressionThreshold(threshold) {","    this.setCompressionThreshold(threshold);","  }","","  setSocket(socket) {","    this.ended = false;","","    // TODO : A lot of other things needs to be done.","    const endSocket = () => {","      if(this.ended) return;","      this.ended = true;","      this.socket.removeListener('close', endSocket);","      this.socket.removeListener('end', endSocket);","      this.socket.removeListener('timeout', endSocket);","      this.emit('end', this._endReason);","    };","","    const onFatalError = (err) => {","      this.emit('error', err);","      endSocket();","    };","","    const onError = (err) => this.emit('error', err);","","    this.socket = socket;","","    if(this.socket.setNoDelay)","      this.socket.setNoDelay(true);","","    this.socket.on('connect', () => this.emit('connect'));","","    this.socket.on('error', onFatalError);","    this.socket.on('close', endSocket);","    this.socket.on('end', endSocket);","    this.socket.on('timeout', endSocket);","    this.framer.on('error', onError);","    this.splitter.on('error', onError);","","    this.socket.pipe(this.splitter).pipe(this.deserializer);","    this.serializer.pipe(this.framer).pipe(this.socket);","  }","","  end(reason) {","    this._endReason = reason;","    if(this.cipher) this.cipher.unpipe();","    if(this.framer) this.framer.unpipe();","    if(this.socket) this.socket.end();","  }","","  setEncryption(sharedSecret) {","    if (this.cipher != null)","      throw new Error(\"Set encryption twice !\");","    this.cipher = crypto.createCipheriv('aes-128-cfb8', sharedSecret, sharedSecret);","    this.cipher.on('error', (err) => this.emit('error', err));","    this.framer.unpipe(this.socket);","    this.framer.pipe(this.cipher).pipe(this.socket);","    this.decipher = crypto.createDecipheriv('aes-128-cfb8', sharedSecret, sharedSecret);","    this.decipher.on('error', (err) => this.emit('error', err));","    this.socket.unpipe(this.splitter);","    this.socket.pipe(this.decipher).pipe(this.splitter);","  }","","  setCompressionThreshold(threshold) {","    if (this.compressor == null) {","      this.compressor = compression.createCompressor(threshold);","      this.compressor.on('error', (err) => this.emit('error', err));","      this.serializer.unpipe(this.framer);","      this.serializer.pipe(this.compressor).pipe(this.framer);","      this.decompressor = compression.createDecompressor(threshold);","      this.decompressor.on('error', (err) => this.emit('error', err));","      this.splitter.unpipe(this.deserializer);","      this.splitter.pipe(this.decompressor).pipe(this.deserializer);","    } else {","      this.decompressor.threshold = threshold;","      this.compressor.threshold = threshold;","    }","  }","","  write(name, params) {","    if(this.ended)","      return;","    debug(\"writing packet \" + this.state + \".\" + name);","    debug(params);","    this.serializer.write({ name, params });","  }","","  writeRaw(buffer) {","    if(this.ended)","      return;","    if (this.compressor === null)","      this.framer.write(buffer);","    else","      this.compressor.write(buffer);","  }","","  // TCP/IP-specific (not generic Stream) method for backwards-compatibility","  connect(port, host) {","    const options = {port, host};","    if (!this.options) this.options = options;","    require('./client/tcp_dns')(this, options);","    options.connect(this);","  }","}","","module.exports = Client;",""],"l":{"3":16,"4":16,"5":16,"6":16,"7":16,"8":16,"10":16,"11":0,"16":0,"17":0,"18":0,"19":0,"20":0,"21":0,"22":0,"23":0,"24":0,"25":0,"26":0,"27":0,"28":0,"29":0,"30":0,"31":0,"32":0,"33":0,"35":0,"36":0,"37":0,"38":0,"40":0,"41":0,"42":0,"47":0,"52":0,"53":0,"56":0,"58":0,"59":0,"60":0,"61":0,"62":0,"65":0,"66":0,"67":0,"68":0,"69":0,"70":0,"72":0,"73":0,"77":0,"78":0,"79":0,"80":0,"81":0,"84":0,"85":0,"86":0,"87":0,"88":0,"89":0,"91":0,"92":0,"95":0,"96":0,"97":0,"98":0,"99":0,"100":0,"101":0,"102":0,"103":0,"104":0,"109":0,"110":0,"112":0,"114":0,"115":0,"119":0,"120":0,"123":0,"124":0,"125":0,"127":0,"129":0,"130":0,"134":0,"135":0,"138":0,"142":0,"146":0,"150":0,"153":0,"154":0,"155":0,"156":0,"157":0,"158":0,"159":0,"162":0,"163":0,"164":0,"167":0,"169":0,"171":0,"172":0,"174":0,"176":0,"177":0,"178":0,"179":0,"180":0,"181":0,"183":0,"184":0,"188":0,"189":0,"190":0,"191":0,"195":0,"196":0,"197":0,"198":0,"199":0,"200":0,"201":0,"202":0
[...]
,"8":{"start":{"line":19,"column":4},"end":{"line":19,"column":33}},"9":{"start":{"line":20,"column":2},"end":{"line":23,"column":4}},"10":{"start":{"line":26,"column":0},"end":{"line":30,"column":1}},"11":{"start":{"line":27,"column":2},"end":{"line":27,"column":30}},"12":{"start":{"line":28,"column":2},"end":{"line":28,"column":26}},"13":{"start":{"line":29,"column":2},"end":{"line":29,"column":21}},"14":{"start":{"line":32,"column":0},"end":{"line":34,"column":1}},"15":{"start":{"line":33,"column":2},"end":{"line":33,"column":45}},"16":{"start":{"line":36,"column":0},"end":{"line":38,"column":1}},"17":{"start":{"line":37,"column":2},"end":{"line":37,"column":52}},"18":{"start":{"line":40,"column":0},"end":{"line":42,"column":1}},"19":{"start":{"line":41,"column":2},"end":{"line":41,"column":39}},"20":{"start":{"line":45,"column":0},"end":{"line":50,"column":1}},"21":{"start":{"line":46,"column":2},"end":{"line":47,"column":33}},"22":{"start":{"line":47,"column":4},"end":{"line":47,"column":33}},"23":{"start":{"line":48,"column":2},"end":{"line":48,"column":51}},"24":{"start":{"line":48,"column":35},"end":{"line":48,"column":51}},"25":{"start":{"line":49,"column":2},"end":{"line":49,"column":45}},"26":{"start":{"line":52,"column":0},"end":{"line":58,"column":1}},"27":{"start":{"line":53,"column":2},"end":{"line":56,"column":3}},"28":{"start":{"line":54,"column":4},"end":{"line":54,"column":31}},"29":{"start":{"line":55,"column":4},"end":{"line":55,"column":20}},"30":{"start":{"line":57,"column":2},"end":{"line":57,"column":52}},"31":{"start":{"line":60,"column":0},"end":{"line":64,"column":1}},"32":{"start":{"line":61,"column":2},"end":{"line":62,"column":13}},"33":{"start":{"line":62,"column":4},"end":{"line":62,"column":13}},"34":{"start":{"line":63,"column":2},"end":{"line":63,"column":39}},"35":{"start":{"line":67,"column":0},"end":{"line":84,"column":1}},"36":{"start":{"line":68,"column":2},"end":{"line":69,"column":33}},"37":{"start":{"line":69,"column":4},"end":{"line":69,"column":33}},"38":{"start":{"line":70,"column":2},"end":{"line":70,"column":44}},"39":{"start":{"line":71,"column":2},"end":{"line":71,"column":35}},"40":{"start":{"line":71,"column":19},"end":{"line":71,"column":35}},"41":{"start":{"line":72,"column":2},"end":{"line":73,"column":33}},"42":{"start":{"line":73,"column":4},"end":{"line":73,"column":33}},"43":{"start":{"line":75,"column":2},"end":{"line":75,"column":64}},"44":{"start":{"line":77,"column":2},"end":{"line":77,"column":51}},"45":{"start":{"line":79,"column":2},"end":{"line":79,"column":50}},"46":{"start":{"line":80,"column":2},"end":{"line":83,"column":3}},"47":{"start":{"line":86,"column":0},"end":{"line":100,"column":1}},"48":{"start":{"line":87,"column":2},"end":{"line":90,"column":3}},"49":{"start":{"line":88,"column":4},"end":{"line":88,"column":35}},"50":{"start":{"line":89,"column":4},"end":{"line":89,"column":20}},"51":{"start":{"line":91,"column":2},"end":{"line":91,"column":49}},"52":{"start":{"line":92,"column":2},"end":{"line":92,"column":43}},"53":{"start":{"line":94,"column":2},"end":{"line":94,"column":49}},"54":{"start":{"line":95,"column":2},"end":{"line":95,"column":33}},"55":{"start":{"line":97,"column":2},"end":{"line":97,"column":51}},"56":{"start":{"line":98,"column":2},"end":{"line":98,"column":38}},"57":{"start":{"line":99,"column":2},"end":{"line":99,"column":39}},"58":{"start":{"line":102,"column":0},"end":{"line":112,"column":1}},"59":{"start":{"line":103,"column":2},"end":{"line":104,"column":13}},"60":{"start":{"line":104,"column":4},"end":{"line":104,"column":13}},"61":{"start":{"line":106,"column":2},"end":{"line":106,"column":55}},"62":{"start":{"line":107,"column":2},"end":{"line":107,"column":43}},"63":{"start":{"line":109,"column":2},"end":{"line":109,"column":49}},"64":{"start":{"line":111,"column":2},"end":{"line":111,"column":32}},"65":{"start":{"line":116,"column":0},"end":{"line":121,"column":1}},"66":{"start":{"line":117,"column":2},"end":{"line":120,"column":4}},"67":{"start":{"line":123,"column":0},"end":{"line":126,"column":1}},"68":{"start":{"line":124,"column":2},"end":{"line":124,"column":29}},"69":{"start":{"line":125,"column":2},"end":{"line":125,"column":31}},"70":{"start":{"line":128,"column":0},"end":{"line":130,"column":1}},"71":{"start":{"line":129,"column":2},"end":{"line":129,"column":22}},"72":{"start":{"line":132,"column":0},"end":{"line":150,"column":1}},"73":{"start":{"line":133,"column":2},"end":{"line":133,"column":22}},"74":{"start":{"line":134,"column":2},"end":{"line":134,"column":22}},"75":{"start":{"line":135,"column":2},"end":{"line":135,"column":11}},"76":{"start":{"line":136,"column":2},"end":{"line":149,"column":3}},"77":{"start":{"line":137,"column":4},"end":{"line":138,"column":35}},"78":{"start":{"line":138,"column":6},"end":{"line":138,"column":35}},"79":{"start":{"line":139,"column":4},"end":{"line":139,"column":36}},"80":{"start":{"line":140,"column":4},"end":{"line":145,"column":5}},"81":{"start":{"line":141,"column":6},"end":{"line":144,"column":8}},"82":{"start":{"line":146,"column":4},"end":{"line":146,"column":56}},"83":{"start":{"line":147,"column":4},"end":{"line":147,"column":33}},"84":{"start":{"line":148,"column":4},"end":{"line":148,"column":27}},"85":{"start":{"line":152,"column":0},"end":{"line":159,"column":1}},"86":{"start":{"line":153,"column":2},"end":{"line":153,"column":20}},"87":{"start":{"line":154,"column":2},"end":{"line":156,"column":5}},"88":{"start":{"line":155,"column":4},"end":{"line":155,"column":56}},"89":{"start":{"line":157,"column":2},"end":{"line":157,"column":36}},"90":{"start":{"line":158,"column":2},"end":{"line":158,"column":20}},"91":{"start":{"line":161,"column":0},"end":{"line":167,"column":1}},"92":{"start":{"line":162,"column":2},"end":{"line":162,"column":15}},"93":{"start":{"line":163,"column":2},"end":{"line":165,"column":3}},"94":{"start":{"line":164,"column":4},"end":{"line":164,"column":44}},"95":{"start":{"line":166,"column":2},"end":{"line":166,"column":14}}},"branchMap":{"1":{"line":18,"type":"if","locations":[{"start":{"line":18,"column":2},"end":{"line":18,"column":2}},{"start":{"line":18,"column":2},"end":{"line":18,"column":2}}]},"2":{"line":46,"type":"if","locations":[{"start":{"line":46,"column":2},"end":{"line":46,"column":2}},{"start":{"line":46,"column":2},"end":{"line":46,"column":2}}]},"3":{"line":48,"type":"if","locations":[{"start":{"line":48,"column":2},"end":{"line":48,"column":2}},{"start":{"line":48,"column":2},"end":{"line":48,"column":2}}]},"4":{"line":53,"type":"if","locations":[{"start":{"line":53,"column":2},"end":{"line":53,"column":2}},{"start":{"line":53,"column":2},"end":{"line":53,"column":2}}]},"5":{"line":61,"type":"if","locations":[{"start":{"line":61,"column":2},"end":{"line":61,"column":2}},{"start":{"line":61,"column":2},"end":{"line":61,"column":2}}]},"6":{"line":68,"type":"if","locations":[{"start":{"line":68,"column":2},"end":{"line":68,"column":2}},{"start":{"line":68,"column":2},"end":{"line":68,"column":2}}]},"7":{"line":71,"type":"if","locations":[{"start":{"line":71,"column":2},"end":{"line":71,"column":2}},{"start":{"line":71,"column":2},"end":{"line":71,"column":2}}]},"8":{"line":72,"type":"if","locations":[{"start":{"line":72,"column":2},"end":{"line":72,"column":2}},{"start":{"line":72,"column":2},"end":{"line":72,"column":2}}]},"9":{"line":87,"type":"if","locations":[{"start":{"line":87,"column":2},"end":{"line":87,"column":2}},{"start":{"line":87,"column":2},"end":{"line":87,"column":2}}]},"10":{"line":103,"type":"if","locations":[{"start":{"line":103,"column":2},"end":{"line":103,"column":2}},{"start":{"line":103,"column":2},"end":{"line":103,"column":2}}]},"11":{"line":137,"type":"if","locations":[{"start":{"line":137,"column":4},"end":{"line":137,"column":4}},{"start":{"line":137,"column":4},"end":{"line":137,"column":4}}]},"12":{"line":140,"type":"if","locations":[{"start":{"line":140,"column":4},"end":{"line":140,"column":4}},{"start":{"line":140,"column":4},"end":{"line":140,"column":4}}]}},"code":["'use strict';","","const nbt = require('prismarine-nbt');","const UUID = require('uuid-1345');","const zlib = require('zlib');","","module.exports = {","  'UUID': [readUUID, writeUUID, 16],","  'nbt': [readNbt, writeNbt, sizeOfNbt],","  'optionalNbt':[readOptionalNbt,writeOptionalNbt,sizeOfOptionalNbt],","  'compressedNbt':[readCompressedNbt,writeCompressedNbt,sizeOfCompressedNbt],","  'restBuffer': [readRestBuffer, writeRestBuffer, sizeOfRestBuffer],","  'entityMetadataLoop': [readEntityMetadata, writeEntityMetadata, sizeOfEntityMetadata]","};","var PartialReadError=require('protodef').utils.PartialReadError;","","function readUUID(buffer, offset) {","  if(offset+16>buffer.length)","    throw new PartialReadError();","  return {","    value: UUID.stringify(buffer.slice(offset,16+offset)),","    size: 16","  };","}","","function writeUUID(value, buffer, offset) {","  const buf=UUID.parse(value);","  buf.copy(buffer,offset);","  return offset + 16;","}","","function readNbt(buffer, offset) {","  return nbt.proto.read(buffer,offset,\"nbt\");","}","","function writeNbt(value, buffer, offset) {","  return nbt.proto.write(value,buffer,offset,\"nbt\");","}","","function sizeOfNbt(value) {","  return nbt.proto.sizeOf(value,\"nbt\");","}","","","function readOptionalNbt(buffer, offset) {","  if(offset+1>buffer.length)","    throw new PartialReadError();","  if(buffer.readInt8(offset) == 0) return {size:1};","  return nbt.proto.read(buffer,offset,\"nbt\");","}","","function writeOptionalNbt(value, buffer, offset) {","  if(value==undefined) {","    buffer.writeInt8(0,offset);","    return offset+1;","  }","  return nbt.proto.write(value,buffer,offset,\"nbt\");","}","","function sizeOfOptionalNbt(value) {","  if(value==undefined)","    return 1;","  return nbt.proto.sizeOf(value,\"nbt\");","}","","// Length-prefixed compressed NBT, see differences: http://wiki.vg/index.php?title=Slot_Data&diff=6056&oldid=4753","function readCompressedNbt(buffer, offset) {","  if(offset+2>buffer.length)","    throw new PartialReadError();","  const length = buffer.readInt16BE(offset);","  if(length == -1) return {size:2};","  if(offset+2+length>buffer.length)","    throw new PartialReadError();","","  const compressedNbt = buffer.slice(offset+2, offset+2+length);","","  const nbtBuffer = zlib.gunzipSync(compressedNbt); // TODO: async","","  const results=nbt.proto.read(nbtBuffer,0,\"nbt\");","  return {","    size:length+2,","    value:results.value","  }","}","","function writeCompressedNbt(value, buffer, offset) {","  if(value==undefined) {","    buffer.writeInt16BE(-1,offset);","    return offset+2;","  }","  const nbtBuffer = new Buffer(sizeOfNbt(value));","  nbt.proto.write(value,nbtBuffer,0,\"nbt\");","","  const compressedNbt = zlib.gzipSync(nbtBuffer); // TODO: async","  compressedNbt.writeUInt8(0, 9); // clear the OS field to match MC","","  buffer.writeInt16BE(compressedNbt.length,offset);","  compressedNbt.copy(buffer,offset+2);","  return offset+2+compressedNbt.length;","}","","function sizeOfCompressedNbt(value) {","  if(value==undefined)","    return 2;","","  const nbtBuffer = new Buffer(sizeOfNbt(value,\"nbt\"));","  nbt.proto.write(value,nbtBuffer,0,\"nbt\");","","  const compressedNbt = zlib.gzipSync(nbtBuffer); // TODO: async","","  return 2+compressedNbt.length;","}","","","","function readRestBuffer(buffer, offset) {","  return {","    value: buffer.slice(offset),","    size: buffer.length - offset","  };","}","","function writeRestBuffer(value, buffer, offset) {","  value.copy(buffer, offset);","  return offset + value.length;","}","","function sizeOfRestBuffer(value) {","  return value.length;","}","","function readEntityMetadata(buffer, offset, {type,endVal}) {","  let cursor = offset;","  const metadata = [];","  let item;","  while(true) {","    if(offset+1>buffer.length)","      throw new PartialReadError();","    item = buffer.readUInt8(cursor);","    if(item === endVal) {","      return {","        value: metadata,","        size: cursor + 1 - offset","      };","    }","    const results = this.read(buffer, cursor, type, {});","    metadata.push(results.value);","    cursor += results.size;","  }","}","","function writeEntityMetadata(value, buffer, offset, {type,endVal}) {","  const self = this;","  value.forEach(function(item) {","    offset = self.write(item, buffer, offset, type, {});","  });","  buffer.writeUInt8(endVal, offset);","  return offset + 1;","}","","function sizeOfEntityMetadata(value, {type}) {","  let size = 1;","  for(let i = 0; i < value.length; ++i) {","    size += this.sizeOf(value[i], type, {});","  }","  return size;","}",""],"l":{"3":1,"4":1,"5":1,"7":1,"15":1,"17":1,"18":0,"19":0,"20":0,"26":1,"27":0,"28":0,"29":0,"32":1,"33":0,"36":1,"37":0,"40":1,"41":0,"45":1,"46":0,"47":0,"48":0,"49":0,"52":1,"53":0,"54":0,"55":0,"57":0,"60":1,"61":0,"62":0,"63":0,"67":1,"68":0,"69":0,"70":0,"71":0,"72":0,"73":0,"75":0,"77":0,"79":0,"80":0,"86":1,"87":0,"88":0,"89":0,"91":0,"92":0,"94":0,"95":0,"97":0,"98":0,"99":0,"102":1,"103":0,"104":0,"106":0,"107":0,"109":0,"111":0,"116":1,"117":0,"123":1,"124":0,"125":0,"128":1,"129":0,"132":1,"133":0,"134":0,"135":0,"136":0,"137":0,"138":0,"139":0,"140":0,"141":0,"146":0,"147":0,"148":0,"152":1,"153":0,"154":0,"155":0,"157":0,"158":0,"161":1,"162":0,"163":0,"164":0,"166":0}},"/home/travis/build/npmtest/node-npmtest-minecraft-protocol/node_modules/minecraft-protocol/src/client/setProtocol.js":{"path":"/home/travis/build/npmtest/node-npmtest-minecraft-protocol/node_modules/minecraft-protocol/src/client/setProtocol.js","s":{"1":1,"2":1,"3":0,"4":1,"5":0,"6":0,"7":0,"8":1,"9":0,"10":0,"11":0,"12":0,"13":0,"14":0},"b":{"1":[0,0],"2":[0,0]},"f":{"1":0,"2":0,"3":0},"fnMap":{"1":{"name":"(anonymous_1)","line":5,"loc":{"start":{"line":5,"column":17},"end":{"line":5,"column":43}}},"2":{"name":"onConnect","line":8,"loc":{"start":{"line":8,"column":2},"end":{"line":8,"column":23}}},"3":{"name":"next","line":15,"loc":{"start":{"line":15,"column":4},"end":{"line":15,"column":20}}}},"statementMap":{"1":{"start":{"line":3,"column":0},"end":{"line":3,"column":36}},"2":{"start":{"line":5,"column":0},"end":{"line":31,"column":2}},"3":{"start":{"line":6,"column":2},"end":{"line":6,"column":34}},"4":{"start":{"line":8,"column":2},"end":{"line":30,"column":3}},"5":{"start":{"line":9,"column":4},"end":{"line":13,"column":5}},"6":{"start":{"line":10,"column":6},"end":{"line":10,"column":41}},"7":{"start":{"line":12,"column":6},"end":{"line":12,"column":13}},"8":{"start":{"line":15,"column":4},"end":{"line":29,"column":5}},"9":{"start":{"line":16,"column":6},"end":{"line":16,"column":36}},"10":{"start":{"line":17,"column":6},"end":{"line":17,"column":55}},"11":{"start":{"line":17,"column":26},"end":{"line":17,"column":55}},"12":{"start":{"line":19,"column":6},"end":{"line":24,"column":9}},"13":{"start":{"line":25,"column":6},"end":{"line":25,"column":34}},"14":{"start":{"line":26,"column":6},"end":{"line":28,"column":9}}},"branchMap":{"1":{"line":9,"type":"if","locations":[{"start":{"line":9,"column":4},"end":{"line":9,"column":4}},{"start":{"line":9,"column":4},"end":{"line":9,"column":4}}]},"2":{"line":17,"type":"if","locations":[{"start":{"line":17,"column":6},"end":{"line":17,"column":6}},{"start":{"line":17,"column":6},"end":{"line":17,"column":6}}]}},"code":["'use strict';","","const states = require(\"../states\");","","module.exports = function(client, options) {","  client.on('connect', onConnect);","","  function onConnect() {","    if (client.wait_connect) {","      client.on('connect_allowed', next);","    } else {","      next();","    }","","    function next() {","      let taggedHost = options.host;","      if (client.tagHost) taggedHost += client.tagHost;","","      client.write('set_protocol', {","        protocolVersion: options.protocolVersion,","        serverHost: taggedHost,","        serverPort: options.port,","        nextState: 2","      });","      client.state = states.LOGIN;","      client.write('login_start', {","        username: client.username","      });","    }","  }","};",""],"l":{"3":1,"5":1,"6":0,"8":1,"9":0,"10":0,"12":0,"15":1,"16":0,"17":0,"19":0,"25":0,"26":0}},"/home/travis/build/npmtest/node-npmtest-minecraft-protocol/node_modules/minecraft-protocol/src/client/tcp_dns.js":{"path":"/home/travis/build/npmtest/node-npmtest-minecraft-protocol/node_modules/minecraft-protocol/src/client/tcp_dns.js","s":{"1":1,"2":1,"3":1,"4":0,"5":0,"6":0,"7":0,"8":0,"9":0,"10":0,"11":0,"12":0,"13":0,"14":0},"b":{"1":[0,0],"2":[0,0],"3":[0,0],"4":[0,0],"5":[0,0],"6":[0,0],"7":[0,0]},"f":{"1":0,"2":0},"fnMap":{"1":{"name":"(anonymous_1)","line":4,"loc":{"start":{"line":4,"column":17},"end":{"line":4,"column":43}}},"2":{"name":"(anonymous_2)","line":12,"loc":{"start":{"line":12,"column":56},"end":{"line":12,"column":81}}}},"statementMap":{"1":{"start":{"line":1,"column":0},"end":{"line":1,"column":27}},"2":{"start":{"line":2,"column":0},"end":{"line":2,"column":27}},"3":{"start":{"line":4,"column":0},"end":{"line":23,"column":2}},"4":{"start":{"line":5,"column":2},"end":{"line":5,"column":39}},"5":{"start":{"line":6,"column":2},"end":{"line":6,"column":45}},"6":{"start":{"line":8,"column":2},"end":{"line":22,"column":4}},"7":{"start":{"line":9,"column":4},"end":{"line":21,"column":5}},"8":{"start":{"line":10,"column":6},"end":{"line":10,"column":39}},"9":{"start":{"line":11,"column":11},"end":{"line":21,"column":5}},"10":{"start":{"line":12,"column":6},"end":{"line":18,"column":9}},"11":{"start":{"line":13,"column":8},"end":{"line":17,"column":9}},"12":{"start":{"line":14,"column":10},"end":{"line":14,"column":78}},"13":{"start":{"line":16,"column":10},"end":{"line":16,"column":68}},"14":{"start":{"line":20,"column":6},"end":{"line":20,"column":64}}},"branchMap":{"1":{"line":5,"type":"binary-expr","locations":[{"start":{"line":5,"column":17},"end":{"line":5,"column":29}},{"start":{"line":5,"column":33},"end":{"line":5,"column":38}}]},"2":{"line":6,"type":"binary-expr","locations":[{"start":{"line":6,"column":17},"end":{"line":6,"column":29}},{"start":{"line":6,"column":33},"end":{"line":6,"column":44}}]},"3":{"line":9,"type":"if","locations":[{"start":{"line":9,"column":4},"end":{"line":9,"column":4}},{"start":{"line":9,"column":4},"end":{"line":9,"column":4}}]},"4":{"line":11,"type":"if","locations":[{"start":{"line":11,"column":11},"end":{"line":11,"column":11}},{"start":{"line":11,"column":11},"end":{"line":11,"column":11}}]},"5":{"line":11,"type":"binary-expr","locations":[{"start":{"line":11,"column":15},"end":{"line":11,"column":36}},{"start":{"line":11,"column":40},"end":{"line":11,"column":68}}]},"6":{"line":13,"type":"if","locations":[{"start":{"line":13,"column":8},"end":{"line":13,"column":8}},{"start":{"line":13,"column":8},"end":{"line":13,"column":8}}]},"7":{"line":13,"type":"binary-expr","locations":[{"start":{"line":13,"column":11},"end":{"line":13,"column":20}},{"start":{"line":13,"column":24},"end":{"line":13,"column":44}}]}},"code":["const net = require('net');","const dns = require('dns');","","module.exports = function(client, options) {","  options.port = options.port || 25565;","  options.host = options.host || 'localhost';","","  options.connect = (client) => {","    if (options.stream) {","      client.setSocket(options.stream);","    } else if (options.port == 25565 && net.isIP(options.host) === 0) {","      dns.resolveSrv(\"_minecraft._tcp.\" + options.host, function(err, addresses) {","        if(addresses && addresses.length > 0) {","          client.setSocket(net.connect(addresses[0].port, addresses[0].name));","        } else {","          client.setSocket(net.connect(options.port, options.host));","        }","      });","    } else {","      client.setSocket(net.connect(options.port, options.host));","    }","  };","};",""],"l":{"1":1,"2":1,"4":1,"5":0,"6":0,"8":0,"9":0,"10":0,"11":0,"12":0,"13":0,"14":0,"16":0,"20":0}}}